This file contains any messages produced by compilers while
running configure, to aid debugging if configure makes a mistake.

It was created by configure, which was
generated by GNU Autoconf 2.57.  Invocation command line was

  $ ./configure --prefix=/Users/shwet/Desktop/git/Remail/remail-iphone/build-crypto-deps/binaries//Developer/Platforms/iPhoneOS.platform/Developer/SDKs/iPhoneOS5.0.sdk/Release --host=armv6-apple-darwin --disable-shared --enable-static --with-openssl=/Users/shwet/Desktop/git/Remail/remail-iphone/build-crypto-deps/binaries//Developer/Platforms/iPhoneOS.platform/Developer/SDKs/iPhoneOS5.0.sdk/Release

## --------- ##
## Platform. ##
## --------- ##

hostname = macMiniShwet.local
uname -m = x86_64
uname -r = 11.1.0
uname -s = Darwin
uname -v = Darwin Kernel Version 11.1.0: Tue Jul 26 16:07:11 PDT 2011; root:xnu-1699.22.81~1/RELEASE_X86_64

/usr/bin/uname -p = i386
/bin/uname -X     = unknown

/bin/arch              = unknown
/usr/bin/arch -k       = unknown
/usr/convex/getsysinfo = unknown
hostinfo               = Mach kernel version:
	 Darwin Kernel Version 11.1.0: Tue Jul 26 16:07:11 PDT 2011; root:xnu-1699.22.81~1/RELEASE_X86_64
Kernel configured for up to 2 processors.
2 processors are physically available.
2 processors are logically available.
Processor type: i486 (Intel 80486)
Processors active: 0 1
Primary memory available: 5.00 gigabytes
Default processor set: 103 tasks, 526 threads, 2 processors
Load average: 5.77, Mach factor: 0.34
/bin/machine           = unknown
/usr/bin/oslevel       = unknown
/bin/universe          = unknown

PATH: /usr/bin
PATH: /bin
PATH: /usr/sbin
PATH: /sbin
PATH: /usr/local/bin
PATH: /usr/X11/bin
PATH: /Developer/usr/bin


## ----------- ##
## Core tests. ##
## ----------- ##

configure:1343: loading cache ./config.cache
configure:1389: checking build system type
configure:1407: result: i386-apple-darwin11.1.0
configure:1415: checking host system type
configure:1429: result: armv6-apple-darwin
configure:1437: checking target system type
configure:1451: result: armv6-apple-darwin
configure:1479: checking for a BSD-compatible install
configure:1533: result: /usr/bin/install -c
configure:1544: checking whether build environment is sane
configure:1587: result: yes
configure:1620: checking for gawk
configure:1646: result: awk
configure:1656: checking whether make sets $(MAKE)
configure:1676: result: yes
configure:1755: checking for armv6-apple-darwin-strip
configure:1784: result: no
configure:1793: checking for strip
configure:1820: result: strip
configure:1872: checking for armv6-apple-darwin-gcc
configure:1898: result: /Developer/Platforms/iPhoneOS.platform/Developer/usr/bin/gcc-4.2
configure:2180: checking for C compiler version
configure:2183: /Developer/Platforms/iPhoneOS.platform/Developer/usr/bin/gcc-4.2 --version </dev/null >&5
i686-apple-darwin10-gcc-4.2.1 (GCC) 4.2.1 (Apple Inc. build 5666) (dot 3)
Copyright (C) 2007 Free Software Foundation, Inc.
This is free software; see the source for copying conditions.  There is NO
warranty; not even for MERCHANTABILITY or FITNESS FOR A PARTICULAR PURPOSE.

configure:2186: $? = 0
configure:2188: /Developer/Platforms/iPhoneOS.platform/Developer/usr/bin/gcc-4.2 -v </dev/null >&5
Using built-in specs.
Target: i686-apple-darwin10
Configured with: /var/tmp/gcc/gcc-5666.3~87/src/configure --disable-bootstrap --disable-checking --enable-werror --prefix=/usr --mandir=/usr/share/man --enable-languages=c,objc,c++,obj-c++ --program-transform-name=/^[cg][^.-]*$/s/$/-4.2/ --with-slibdir=/usr/lib --build=i686-apple-darwin10 --with-gxx-include-dir=/usr/include/c++/4.2.1 --host=i686-apple-darwin10 --target=i686-apple-darwin10
Thread model: posix
gcc version 4.2.1 (Apple Inc. build 5666) (dot 3)
configure:2191: $? = 0
configure:2193: /Developer/Platforms/iPhoneOS.platform/Developer/usr/bin/gcc-4.2 -V </dev/null >&5
gcc-4.2: argument to `-V' is missing
configure:2196: $? = 1
configure:2220: checking for C compiler default output
configure:2223: /Developer/Platforms/iPhoneOS.platform/Developer/usr/bin/gcc-4.2 -isysroot /Developer/Platforms/iPhoneOS.platform/Developer/SDKs/iPhoneOS5.0.sdk -arch armv6 -pipe -Os -gdwarf-2  -isysroot /Developer/Platforms/iPhoneOS.platform/Developer/SDKs/iPhoneOS5.0.sdk -arch armv6 conftest.c  >&5
configure:2226: $? = 0
configure:2272: result: a.out
configure:2277: checking whether the C compiler works
configure:2283: ./a.out
./configure: line 2284: ./a.out: Bad CPU type in executable
configure:2286: $? = 126
configure:2303: result: yes
configure:2310: checking whether we are cross compiling
configure:2312: result: yes
configure:2315: checking for suffix of executables
configure:2317: /Developer/Platforms/iPhoneOS.platform/Developer/usr/bin/gcc-4.2 -o conftest -isysroot /Developer/Platforms/iPhoneOS.platform/Developer/SDKs/iPhoneOS5.0.sdk -arch armv6 -pipe -Os -gdwarf-2  -isysroot /Developer/Platforms/iPhoneOS.platform/Developer/SDKs/iPhoneOS5.0.sdk -arch armv6 conftest.c  >&5
configure:2320: $? = 0
configure:2345: result: 
configure:2351: checking for suffix of object files
configure:2398: result: o
configure:2402: checking whether we are using the GNU C compiler
configure:2449: result: yes
configure:2455: checking whether /Developer/Platforms/iPhoneOS.platform/Developer/usr/bin/gcc-4.2 accepts -g
configure:2497: result: yes
configure:2514: checking for /Developer/Platforms/iPhoneOS.platform/Developer/usr/bin/gcc-4.2 option to accept ANSI C
configure:2602: result: none needed
configure:2620: /Developer/Platforms/iPhoneOS.platform/Developer/usr/bin/gcc-4.2 -c -isysroot /Developer/Platforms/iPhoneOS.platform/Developer/SDKs/iPhoneOS5.0.sdk -arch armv6 -pipe -Os -gdwarf-2  conftest.c >&5
conftest.c:2: error: expected '=', ',', ';', 'asm' or '__attribute__' before 'me'
configure:2623: $? = 1
configure: failed program was:
| #ifndef __cplusplus
|   choke me
| #endif
configure:2743: checking for style of include used by make
configure:2771: result: GNU
configure:2799: checking dependency style of /Developer/Platforms/iPhoneOS.platform/Developer/usr/bin/gcc-4.2
configure:2882: result: gcc3
configure:2904: checking how to run the C preprocessor
configure:3022: result: /Developer/Platforms/iPhoneOS.platform/Developer/usr/bin/cpp-4.2
configure:3047: /Developer/Platforms/iPhoneOS.platform/Developer/usr/bin/cpp-4.2  conftest.c
configure:3053: $? = 0
configure:3085: /Developer/Platforms/iPhoneOS.platform/Developer/usr/bin/cpp-4.2  conftest.c
configure:3086:28: error: ac_nonexistent.h: No such file or directory
configure:3091: $? = 1
configure: failed program was:
| #line 3076 "configure"
| /* confdefs.h.  */
| 
| #define PACKAGE_NAME ""
| #define PACKAGE_TARNAME ""
| #define PACKAGE_VERSION ""
| #define PACKAGE_STRING ""
| #define PACKAGE_BUGREPORT ""
| #define PACKAGE "cyrus-sasl"
| #define VERSION "2.1.23"
| /* end confdefs.h.  */
| #include <ac_nonexistent.h>
configure:3137: checking for gawk
configure:3163: result: awk
configure:3173: checking whether ln -s works
configure:3177: result: yes
configure:3184: checking whether make sets $(MAKE)
configure:3204: result: yes
configure:3225: checking for a BSD-compatible install
configure:3279: result: /usr/bin/install -c
configure:3292: checking for __attribute__
configure:3353: result: no
configure:3359: checking for runpath switch
configure:3385: /Developer/Platforms/iPhoneOS.platform/Developer/usr/bin/gcc-4.2 -o conftest -isysroot /Developer/Platforms/iPhoneOS.platform/Developer/SDKs/iPhoneOS5.0.sdk -arch armv6 -pipe -Os -gdwarf-2  -R /usr/lib conftest.c  >&5
ld: in /Developer/Platforms/iPhoneOS.platform/Developer/SDKs/iPhoneOS5.0.sdk/usr/lib, can't map file, errno=22 for architecture armv6
collect2: ld returned 1 exit status
configure:3388: $? = 1
configure: failed program was:
| #line 3368 "configure"
| /* confdefs.h.  */
| 
| #define PACKAGE_NAME ""
| #define PACKAGE_TARNAME ""
| #define PACKAGE_VERSION ""
| #define PACKAGE_STRING ""
| #define PACKAGE_BUGREPORT ""
| #define PACKAGE "cyrus-sasl"
| #define VERSION "2.1.23"
| /* end confdefs.h.  */
| 
| int
| main ()
| {
| 
|   ;
|   return 0;
| }
configure:3420: /Developer/Platforms/iPhoneOS.platform/Developer/usr/bin/gcc-4.2 -o conftest -isysroot /Developer/Platforms/iPhoneOS.platform/Developer/SDKs/iPhoneOS5.0.sdk -arch armv6 -pipe -Os -gdwarf-2  -Wl,-rpath,/usr/lib conftest.c  >&5
configure:3423: $? = 0
configure:3426: test -s conftest
configure:3429: $? = 0
configure:3445: result: -Wl,-rpath,
configure:3534: checking for armv6-apple-darwin-ranlib
configure:3563: result: no
configure:3572: checking for ranlib
configure:3599: result: ranlib
configure:3622: checking for ld used by GCC
configure:3679: result: /Developer/Platforms/iPhoneOS.platform/Developer/usr/libexec/gcc/i686-apple-darwin10/4.2.1/ld
configure:3688: checking if the linker (/Developer/Platforms/iPhoneOS.platform/Developer/usr/libexec/gcc/i686-apple-darwin10/4.2.1/ld) is GNU ld
configure:3700: result: no
configure:3704: checking for BSD-compatible nm
configure:3738: result: /usr/bin/nm
configure:3920: loading cache ./config.cache
nfig:604: /Developer/Platforms/iPhoneOS.platform/Developer/usr/bin/gcc-4.2 -c -isysroot /Developer/Platforms/iPhoneOS.platform/Developer/SDKs/iPhoneOS5.0.sdk -arch armv6 -pipe -Os -gdwarf-2  conftest.c 1>&5
ltconfig:781: checking if /Developer/Platforms/iPhoneOS.platform/Developer/usr/bin/gcc-4.2 PIC flag -fno-common works
ltconfig:782: /Developer/Platforms/iPhoneOS.platform/Developer/usr/bin/gcc-4.2 -c -isysroot /Developer/Platforms/iPhoneOS.platform/Developer/SDKs/iPhoneOS5.0.sdk -arch armv6 -pipe -Os -gdwarf-2 -fno-common -DPIC  conftest.c 1>&5
ltconfig:834: checking if /Developer/Platforms/iPhoneOS.platform/Developer/usr/bin/gcc-4.2 supports -c -o file.o
ltconfig:835: /Developer/Platforms/iPhoneOS.platform/Developer/usr/bin/gcc-4.2 -c -isysroot /Developer/Platforms/iPhoneOS.platform/Developer/SDKs/iPhoneOS5.0.sdk -arch armv6 -pipe -Os -gdwarf-2 -o out/conftest2.o  conftest.c 1>&5
ltconfig:867: checking if /Developer/Platforms/iPhoneOS.platform/Developer/usr/bin/gcc-4.2 supports -c -o file.lo
ltconfig:868: /Developer/Platforms/iPhoneOS.platform/Developer/usr/bin/gcc-4.2 -c -isysroot /Developer/Platforms/iPhoneOS.platform/Developer/SDKs/iPhoneOS5.0.sdk -arch armv6 -pipe -Os -gdwarf-2 -c -o conftest.lo  conftest.c 1>&5
ltconfig:919: checking if /Developer/Platforms/iPhoneOS.platform/Developer/usr/bin/gcc-4.2 supports -fno-rtti -fno-exceptions
ltconfig:920: /Developer/Platforms/iPhoneOS.platform/Developer/usr/bin/gcc-4.2 -c -isysroot /Developer/Platforms/iPhoneOS.platform/Developer/SDKs/iPhoneOS5.0.sdk -arch armv6 -pipe -Os -gdwarf-2 -fno-rtti -fno-exceptions -c conftest.c  conftest.c 1>&5
ltconfig:963: checking if /Developer/Platforms/iPhoneOS.platform/Developer/usr/bin/gcc-4.2 static flag -static works
ltconfig:964: /Developer/Platforms/iPhoneOS.platform/Developer/usr/bin/gcc-4.2 -o conftest -isysroot /Developer/Platforms/iPhoneOS.platform/Developer/SDKs/iPhoneOS5.0.sdk -arch armv6 -pipe -Os -gdwarf-2  -isysroot /Developer/Platforms/iPhoneOS.platform/Developer/SDKs/iPhoneOS5.0.sdk -arch armv6 -static conftest.c  1>&5
ld: library not found for -lcrt0.o
collect2: ld returned 1 exit status
ltconfig:1662: checking if global_symbol_pipe works
ltconfig:1663: /Developer/Platforms/iPhoneOS.platform/Developer/usr/bin/gcc-4.2 -c -isysroot /Developer/Platforms/iPhoneOS.platform/Developer/SDKs/iPhoneOS5.0.sdk -arch armv6 -pipe -Os -gdwarf-2  conftest.c 1>&5
ltconfig:1666: eval "/usr/bin/nm conftest.o | sed -n -e 's/^.*[ 	]\([BCDEGRST]\)[ 	][ 	]*\(\)\([_A-Za-z][_A-Za-z0-9]*\)$/\1 \2\3 \3/p' > conftest.nm"
cannot find nm_test_var in conftest.nm
ltconfig:1662: checking if global_symbol_pipe works
ltconfig:1663: /Developer/Platforms/iPhoneOS.platform/Developer/usr/bin/gcc-4.2 -c -isysroot /Developer/Platforms/iPhoneOS.platform/Developer/SDKs/iPhoneOS5.0.sdk -arch armv6 -pipe -Os -gdwarf-2  conftest.c 1>&5
ltconfig:1666: eval "/usr/bin/nm conftest.o | sed -n -e 's/^.*[ 	]\([BCDEGRST]\)[ 	][ 	]*\(_\)\([_A-Za-z][_A-Za-z0-9]*\)$/\1 \2\3 \3/p' > conftest.nm"
ltconfig:1718: /Developer/Platforms/iPhoneOS.platform/Developer/usr/bin/gcc-4.2 -o conftest -isysroot /Developer/Platforms/iPhoneOS.platform/Developer/SDKs/iPhoneOS5.0.sdk -arch armv6 -pipe -Os -gdwarf-2 -fno-builtin  -isysroot /Developer/Platforms/iPhoneOS.platform/Developer/SDKs/iPhoneOS5.0.sdk -arch armv6 conftest.c conftstm.o 1>&5
configure:4281: checking for connect
configure:4351: result: yes
configure:4476: checking for res_search
configure:4546: result: yes
configure:4608: checking for dn_expand
configure:4678: result: yes
configure:4608: checking for dns_lookup
configure:4678: result: no
configure:4701: checking DB path to use
configure:4703: result: /etc/sasldb2
configure:4711: checking for egrep
configure:4721: result: grep -E
configure:4726: checking for ANSI C header files
configure:4876: result: yes
configure:4900: checking for sys/types.h
configure:4937: result: yes
configure:4900: checking for sys/stat.h
configure:4937: result: yes
configure:4900: checking for stdlib.h
configure:4937: result: yes
configure:4900: checking for string.h
configure:4937: result: yes
configure:4900: checking for memory.h
configure:4937: result: yes
configure:4900: checking for strings.h
configure:4937: result: yes
configure:4900: checking for inttypes.h
configure:4937: result: yes
configure:4900: checking for stdint.h
configure:4937: result: yes
configure:4900: checking for unistd.h
configure:4937: result: yes
configure:5753: checking for db.h
configure:5758: result: yes
configure:5927: /Developer/Platforms/iPhoneOS.platform/Developer/usr/bin/gcc-4.2 -o conftest -Wall -W -isysroot /Developer/Platforms/iPhoneOS.platform/Developer/SDKs/iPhoneOS5.0.sdk -arch armv6 -pipe -Os -gdwarf-2  -isysroot /Developer/Platforms/iPhoneOS.platform/Developer/SDKs/iPhoneOS5.0.sdk -arch armv6 conftest.c  -ldb-4.4 >&5
configure: In function 'main':
configure:5936: warning: implicit declaration of function 'db_create'
configure:5936: error: 'NULL' undeclared (first use in this function)
configure:5936: error: (Each undeclared identifier is reported only once
configure:5936: error: for each function it appears in.)
configure:5930: $? = 1
configure: failed program was:
| #line 5910 "configure"
| /* confdefs.h.  */
| 
| #define PACKAGE_NAME ""
| #define PACKAGE_TARNAME ""
| #define PACKAGE_VERSION ""
| #define PACKAGE_STRING ""
| #define PACKAGE_BUGREPORT ""
| #define PACKAGE "cyrus-sasl"
| #define VERSION "2.1.23"
| #define HAVE_DN_EXPAND 1
| #define SASL_DB_PATH "/etc/sasldb2"
| #define STDC_HEADERS 1
| #define HAVE_SYS_TYPES_H 1
| #define HAVE_SYS_STAT_H 1
| #define HAVE_STDLIB_H 1
| #define HAVE_STRING_H 1
| #define HAVE_MEMORY_H 1
| #define HAVE_STRINGS_H 1
| #define HAVE_INTTYPES_H 1
| #define HAVE_STDINT_H 1
| #define HAVE_UNISTD_H 1
| /* end confdefs.h.  */
| #include <db.h>
| int
| main ()
| {
| db_create(NULL, NULL, 0);
|   ;
|   return 0;
| }
configure:5927: /Developer/Platforms/iPhoneOS.platform/Developer/usr/bin/gcc-4.2 -o conftest -Wall -W -isysroot /Developer/Platforms/iPhoneOS.platform/Developer/SDKs/iPhoneOS5.0.sdk -arch armv6 -pipe -Os -gdwarf-2  -isysroot /Developer/Platforms/iPhoneOS.platform/Developer/SDKs/iPhoneOS5.0.sdk -arch armv6 conftest.c  -ldb4.4 >&5
configure: In function 'main':
configure:5936: warning: implicit declaration of function 'db_create'
configure:5936: error: 'NULL' undeclared (first use in this function)
configure:5936: error: (Each undeclared identifier is reported only once
configure:5936: error: for each function it appears in.)
configure:5930: $? = 1
configure: failed program was:
| #line 5910 "configure"
| /* confdefs.h.  */
| 
| #define PACKAGE_NAME ""
| #define PACKAGE_TARNAME ""
| #define PACKAGE_VERSION ""
| #define PACKAGE_STRING ""
| #define PACKAGE_BUGREPORT ""
| #define PACKAGE "cyrus-sasl"
| #define VERSION "2.1.23"
| #define HAVE_DN_EXPAND 1
| #define SASL_DB_PATH "/etc/sasldb2"
| #define STDC_HEADERS 1
| #define HAVE_SYS_TYPES_H 1
| #define HAVE_SYS_STAT_H 1
| #define HAVE_STDLIB_H 1
| #define HAVE_STRING_H 1
| #define HAVE_MEMORY_H 1
| #define HAVE_STRINGS_H 1
| #define HAVE_INTTYPES_H 1
| #define HAVE_STDINT_H 1
| #define HAVE_UNISTD_H 1
| /* end confdefs.h.  */
| #include <db.h>
| int
| main ()
| {
| db_create(NULL, NULL, 0);
|   ;
|   return 0;
| }
configure:5927: /Developer/Platforms/iPhoneOS.platform/Developer/usr/bin/gcc-4.2 -o conftest -Wall -W -isysroot /Developer/Platforms/iPhoneOS.platform/Developer/SDKs/iPhoneOS5.0.sdk -arch armv6 -pipe -Os -gdwarf-2  -isysroot /Developer/Platforms/iPhoneOS.platform/Developer/SDKs/iPhoneOS5.0.sdk -arch armv6 conftest.c  -ldb44 >&5
configure: In function 'main':
configure:5936: warning: implicit declaration of function 'db_create'
configure:5936: error: 'NULL' undeclared (first use in this function)
configure:5936: error: (Each undeclared identifier is reported only once
configure:5936: error: for each function it appears in.)
configure:5930: $? = 1
configure: failed program was:
| #line 5910 "configure"
| /* confdefs.h.  */
| 
| #define PACKAGE_NAME ""
| #define PACKAGE_TARNAME ""
| #define PACKAGE_VERSION ""
| #define PACKAGE_STRING ""
| #define PACKAGE_BUGREPORT ""
| #define PACKAGE "cyrus-sasl"
| #define VERSION "2.1.23"
| #define HAVE_DN_EXPAND 1
| #define SASL_DB_PATH "/etc/sasldb2"
| #define STDC_HEADERS 1
| #define HAVE_SYS_TYPES_H 1
| #define HAVE_SYS_STAT_H 1
| #define HAVE_STDLIB_H 1
| #define HAVE_STRING_H 1
| #define HAVE_MEMORY_H 1
| #define HAVE_STRINGS_H 1
| #define HAVE_INTTYPES_H 1
| #define HAVE_STDINT_H 1
| #define HAVE_UNISTD_H 1
| /* end confdefs.h.  */
| #include <db.h>
| int
| main ()
| {
| db_create(NULL, NULL, 0);
|   ;
|   return 0;
| }
configure:5927: /Developer/Platforms/iPhoneOS.platform/Developer/usr/bin/gcc-4.2 -o conftest -Wall -W -isysroot /Developer/Platforms/iPhoneOS.platform/Developer/SDKs/iPhoneOS5.0.sdk -arch armv6 -pipe -Os -gdwarf-2  -isysroot /Developer/Platforms/iPhoneOS.platform/Developer/SDKs/iPhoneOS5.0.sdk -arch armv6 conftest.c  -ldb-4.3 >&5
configure: In function 'main':
configure:5936: warning: implicit declaration of function 'db_create'
configure:5936: error: 'NULL' undeclared (first use in this function)
configure:5936: error: (Each undeclared identifier is reported only once
configure:5936: error: for each function it appears in.)
configure:5930: $? = 1
configure: failed program was:
| #line 5910 "configure"
| /* confdefs.h.  */
| 
| #define PACKAGE_NAME ""
| #define PACKAGE_TARNAME ""
| #define PACKAGE_VERSION ""
| #define PACKAGE_STRING ""
| #define PACKAGE_BUGREPORT ""
| #define PACKAGE "cyrus-sasl"
| #define VERSION "2.1.23"
| #define HAVE_DN_EXPAND 1
| #define SASL_DB_PATH "/etc/sasldb2"
| #define STDC_HEADERS 1
| #define HAVE_SYS_TYPES_H 1
| #define HAVE_SYS_STAT_H 1
| #define HAVE_STDLIB_H 1
| #define HAVE_STRING_H 1
| #define HAVE_MEMORY_H 1
| #define HAVE_STRINGS_H 1
| #define HAVE_INTTYPES_H 1
| #define HAVE_STDINT_H 1
| #define HAVE_UNISTD_H 1
| /* end confdefs.h.  */
| #include <db.h>
| int
| main ()
| {
| db_create(NULL, NULL, 0);
|   ;
|   return 0;
| }
configure:5927: /Developer/Platforms/iPhoneOS.platform/Developer/usr/bin/gcc-4.2 -o conftest -Wall -W -isysroot /Developer/Platforms/iPhoneOS.platform/Developer/SDKs/iPhoneOS5.0.sdk -arch armv6 -pipe -Os -gdwarf-2  -isysroot /Developer/Platforms/iPhoneOS.platform/Developer/SDKs/iPhoneOS5.0.sdk -arch armv6 conftest.c  -ldb4.3 >&5
configure: In function 'main':
configure:5936: warning: implicit declaration of function 'db_create'
configure:5936: error: 'NULL' undeclared (first use in this function)
configure:5936: error: (Each undeclared identifier is reported only once
configure:5936: error: for each function it appears in.)
configure:5930: $? = 1
configure: failed program was:
| #line 5910 "configure"
| /* confdefs.h.  */
| 
| #define PACKAGE_NAME ""
| #define PACKAGE_TARNAME ""
| #define PACKAGE_VERSION ""
| #define PACKAGE_STRING ""
| #define PACKAGE_BUGREPORT ""
| #define PACKAGE "cyrus-sasl"
| #define VERSION "2.1.23"
| #define HAVE_DN_EXPAND 1
| #define SASL_DB_PATH "/etc/sasldb2"
| #define STDC_HEADERS 1
| #define HAVE_SYS_TYPES_H 1
| #define HAVE_SYS_STAT_H 1
| #define HAVE_STDLIB_H 1
| #define HAVE_STRING_H 1
| #define HAVE_MEMORY_H 1
| #define HAVE_STRINGS_H 1
| #define HAVE_INTTYPES_H 1
| #define HAVE_STDINT_H 1
| #define HAVE_UNISTD_H 1
| /* end confdefs.h.  */
| #include <db.h>
| int
| main ()
| {
| db_create(NULL, NULL, 0);
|   ;
|   return 0;
| }
configure:5927: /Developer/Platforms/iPhoneOS.platform/Developer/usr/bin/gcc-4.2 -o conftest -Wall -W -isysroot /Developer/Platforms/iPhoneOS.platform/Developer/SDKs/iPhoneOS5.0.sdk -arch armv6 -pipe -Os -gdwarf-2  -isysroot /Developer/Platforms/iPhoneOS.platform/Developer/SDKs/iPhoneOS5.0.sdk -arch armv6 conftest.c  -ldb43 >&5
configure: In function 'main':
configure:5936: warning: implicit declaration of function 'db_create'
configure:5936: error: 'NULL' undeclared (first use in this function)
configure:5936: error: (Each undeclared identifier is reported only once
configure:5936: error: for each function it appears in.)
configure:5930: $? = 1
configure: failed program was:
| #line 5910 "configure"
| /* confdefs.h.  */
| 
| #define PACKAGE_NAME ""
| #define PACKAGE_TARNAME ""
| #define PACKAGE_VERSION ""
| #define PACKAGE_STRING ""
| #define PACKAGE_BUGREPORT ""
| #define PACKAGE "cyrus-sasl"
| #define VERSION "2.1.23"
| #define HAVE_DN_EXPAND 1
| #define SASL_DB_PATH "/etc/sasldb2"
| #define STDC_HEADERS 1
| #define HAVE_SYS_TYPES_H 1
| #define HAVE_SYS_STAT_H 1
| #define HAVE_STDLIB_H 1
| #define HAVE_STRING_H 1
| #define HAVE_MEMORY_H 1
| #define HAVE_STRINGS_H 1
| #define HAVE_INTTYPES_H 1
| #define HAVE_STDINT_H 1
| #define HAVE_UNISTD_H 1
| /* end confdefs.h.  */
| #include <db.h>
| int
| main ()
| {
| db_create(NULL, NULL, 0);
|   ;
|   return 0;
| }
configure:5927: /Developer/Platforms/iPhoneOS.platform/Developer/usr/bin/gcc-4.2 -o conftest -Wall -W -isysroot /Developer/Platforms/iPhoneOS.platform/Developer/SDKs/iPhoneOS5.0.sdk -arch armv6 -pipe -Os -gdwarf-2  -isysroot /Developer/Platforms/iPhoneOS.platform/Developer/SDKs/iPhoneOS5.0.sdk -arch armv6 conftest.c  -ldb-4.2 >&5
configure: In function 'main':
configure:5936: warning: implicit declaration of function 'db_create'
configure:5936: error: 'NULL' undeclared (first use in this function)
configure:5936: error: (Each undeclared identifier is reported only once
configure:5936: error: for each function it appears in.)
configure:5930: $? = 1
configure: failed program was:
| #line 5910 "configure"
| /* confdefs.h.  */
| 
| #define PACKAGE_NAME ""
| #define PACKAGE_TARNAME ""
| #define PACKAGE_VERSION ""
| #define PACKAGE_STRING ""
| #define PACKAGE_BUGREPORT ""
| #define PACKAGE "cyrus-sasl"
| #define VERSION "2.1.23"
| #define HAVE_DN_EXPAND 1
| #define SASL_DB_PATH "/etc/sasldb2"
| #define STDC_HEADERS 1
| #define HAVE_SYS_TYPES_H 1
| #define HAVE_SYS_STAT_H 1
| #define HAVE_STDLIB_H 1
| #define HAVE_STRING_H 1
| #define HAVE_MEMORY_H 1
| #define HAVE_STRINGS_H 1
| #define HAVE_INTTYPES_H 1
| #define HAVE_STDINT_H 1
| #define HAVE_UNISTD_H 1
| /* end confdefs.h.  */
| #include <db.h>
| int
| main ()
| {
| db_create(NULL, NULL, 0);
|   ;
|   return 0;
| }
configure:5927: /Developer/Platforms/iPhoneOS.platform/Developer/usr/bin/gcc-4.2 -o conftest -Wall -W -isysroot /Developer/Platforms/iPhoneOS.platform/Developer/SDKs/iPhoneOS5.0.sdk -arch armv6 -pipe -Os -gdwarf-2  -isysroot /Developer/Platforms/iPhoneOS.platform/Developer/SDKs/iPhoneOS5.0.sdk -arch armv6 conftest.c  -ldb4.2 >&5
configure: In function 'main':
configure:5936: warning: implicit declaration of function 'db_create'
configure:5936: error: 'NULL' undeclared (first use in this function)
configure:5936: error: (Each undeclared identifier is reported only once
configure:5936: error: for each function it appears in.)
configure:5930: $? = 1
configure: failed program was:
| #line 5910 "configure"
| /* confdefs.h.  */
| 
| #define PACKAGE_NAME ""
| #define PACKAGE_TARNAME ""
| #define PACKAGE_VERSION ""
| #define PACKAGE_STRING ""
| #define PACKAGE_BUGREPORT ""
| #define PACKAGE "cyrus-sasl"
| #define VERSION "2.1.23"
| #define HAVE_DN_EXPAND 1
| #define SASL_DB_PATH "/etc/sasldb2"
| #define STDC_HEADERS 1
| #define HAVE_SYS_TYPES_H 1
| #define HAVE_SYS_STAT_H 1
| #define HAVE_STDLIB_H 1
| #define HAVE_STRING_H 1
| #define HAVE_MEMORY_H 1
| #define HAVE_STRINGS_H 1
| #define HAVE_INTTYPES_H 1
| #define HAVE_STDINT_H 1
| #define HAVE_UNISTD_H 1
| /* end confdefs.h.  */
| #include <db.h>
| int
| main ()
| {
| db_create(NULL, NULL, 0);
|   ;
|   return 0;
| }
configure:5927: /Developer/Platforms/iPhoneOS.platform/Developer/usr/bin/gcc-4.2 -o conftest -Wall -W -isysroot /Developer/Platforms/iPhoneOS.platform/Developer/SDKs/iPhoneOS5.0.sdk -arch armv6 -pipe -Os -gdwarf-2  -isysroot /Developer/Platforms/iPhoneOS.platform/Developer/SDKs/iPhoneOS5.0.sdk -arch armv6 conftest.c  -ldb42 >&5
configure: In function 'main':
configure:5936: warning: implicit declaration of function 'db_create'
configure:5936: error: 'NULL' undeclared (first use in this function)
configure:5936: error: (Each undeclared identifier is reported only once
configure:5936: error: for each function it appears in.)
configure:5930: $? = 1
configure: failed program was:
| #line 5910 "configure"
| /* confdefs.h.  */
| 
| #define PACKAGE_NAME ""
| #define PACKAGE_TARNAME ""
| #define PACKAGE_VERSION ""
| #define PACKAGE_STRING ""
| #define PACKAGE_BUGREPORT ""
| #define PACKAGE "cyrus-sasl"
| #define VERSION "2.1.23"
| #define HAVE_DN_EXPAND 1
| #define SASL_DB_PATH "/etc/sasldb2"
| #define STDC_HEADERS 1
| #define HAVE_SYS_TYPES_H 1
| #define HAVE_SYS_STAT_H 1
| #define HAVE_STDLIB_H 1
| #define HAVE_STRING_H 1
| #define HAVE_MEMORY_H 1
| #define HAVE_STRINGS_H 1
| #define HAVE_INTTYPES_H 1
| #define HAVE_STDINT_H 1
| #define HAVE_UNISTD_H 1
| /* end confdefs.h.  */
| #include <db.h>
| int
| main ()
| {
| db_create(NULL, NULL, 0);
|   ;
|   return 0;
| }
configure:5927: /Developer/Platforms/iPhoneOS.platform/Developer/usr/bin/gcc-4.2 -o conftest -Wall -W -isysroot /Developer/Platforms/iPhoneOS.platform/Developer/SDKs/iPhoneOS5.0.sdk -arch armv6 -pipe -Os -gdwarf-2  -isysroot /Developer/Platforms/iPhoneOS.platform/Developer/SDKs/iPhoneOS5.0.sdk -arch armv6 conftest.c  -ldb-4.1 >&5
configure: In function 'main':
configure:5936: warning: implicit declaration of function 'db_create'
configure:5936: error: 'NULL' undeclared (first use in this function)
configure:5936: error: (Each undeclared identifier is reported only once
configure:5936: error: for each function it appears in.)
configure:5930: $? = 1
configure: failed program was:
| #line 5910 "configure"
| /* confdefs.h.  */
| 
| #define PACKAGE_NAME ""
| #define PACKAGE_TARNAME ""
| #define PACKAGE_VERSION ""
| #define PACKAGE_STRING ""
| #define PACKAGE_BUGREPORT ""
| #define PACKAGE "cyrus-sasl"
| #define VERSION "2.1.23"
| #define HAVE_DN_EXPAND 1
| #define SASL_DB_PATH "/etc/sasldb2"
| #define STDC_HEADERS 1
| #define HAVE_SYS_TYPES_H 1
| #define HAVE_SYS_STAT_H 1
| #define HAVE_STDLIB_H 1
| #define HAVE_STRING_H 1
| #define HAVE_MEMORY_H 1
| #define HAVE_STRINGS_H 1
| #define HAVE_INTTYPES_H 1
| #define HAVE_STDINT_H 1
| #define HAVE_UNISTD_H 1
| /* end confdefs.h.  */
| #include <db.h>
| int
| main ()
| {
| db_create(NULL, NULL, 0);
|   ;
|   return 0;
| }
configure:5927: /Developer/Platforms/iPhoneOS.platform/Developer/usr/bin/gcc-4.2 -o conftest -Wall -W -isysroot /Developer/Platforms/iPhoneOS.platform/Developer/SDKs/iPhoneOS5.0.sdk -arch armv6 -pipe -Os -gdwarf-2  -isysroot /Developer/Platforms/iPhoneOS.platform/Developer/SDKs/iPhoneOS5.0.sdk -arch armv6 conftest.c  -ldb4.1 >&5
configure: In function 'main':
configure:5936: warning: implicit declaration of function 'db_create'
configure:5936: error: 'NULL' undeclared (first use in this function)
configure:5936: error: (Each undeclared identifier is reported only once
configure:5936: error: for each function it appears in.)
configure:5930: $? = 1
configure: failed program was:
| #line 5910 "configure"
| /* confdefs.h.  */
| 
| #define PACKAGE_NAME ""
| #define PACKAGE_TARNAME ""
| #define PACKAGE_VERSION ""
| #define PACKAGE_STRING ""
| #define PACKAGE_BUGREPORT ""
| #define PACKAGE "cyrus-sasl"
| #define VERSION "2.1.23"
| #define HAVE_DN_EXPAND 1
| #define SASL_DB_PATH "/etc/sasldb2"
| #define STDC_HEADERS 1
| #define HAVE_SYS_TYPES_H 1
| #define HAVE_SYS_STAT_H 1
| #define HAVE_STDLIB_H 1
| #define HAVE_STRING_H 1
| #define HAVE_MEMORY_H 1
| #define HAVE_STRINGS_H 1
| #define HAVE_INTTYPES_H 1
| #define HAVE_STDINT_H 1
| #define HAVE_UNISTD_H 1
| /* end confdefs.h.  */
| #include <db.h>
| int
| main ()
| {
| db_create(NULL, NULL, 0);
|   ;
|   return 0;
| }
configure:5927: /Developer/Platforms/iPhoneOS.platform/Developer/usr/bin/gcc-4.2 -o conftest -Wall -W -isysroot /Developer/Platforms/iPhoneOS.platform/Developer/SDKs/iPhoneOS5.0.sdk -arch armv6 -pipe -Os -gdwarf-2  -isysroot /Developer/Platforms/iPhoneOS.platform/Developer/SDKs/iPhoneOS5.0.sdk -arch armv6 conftest.c  -ldb41 >&5
configure: In function 'main':
configure:5936: warning: implicit declaration of function 'db_create'
configure:5936: error: 'NULL' undeclared (first use in this function)
configure:5936: error: (Each undeclared identifier is reported only once
configure:5936: error: for each function it appears in.)
configure:5930: $? = 1
configure: failed program was:
| #line 5910 "configure"
| /* confdefs.h.  */
| 
| #define PACKAGE_NAME ""
| #define PACKAGE_TARNAME ""
| #define PACKAGE_VERSION ""
| #define PACKAGE_STRING ""
| #define PACKAGE_BUGREPORT ""
| #define PACKAGE "cyrus-sasl"
| #define VERSION "2.1.23"
| #define HAVE_DN_EXPAND 1
| #define SASL_DB_PATH "/etc/sasldb2"
| #define STDC_HEADERS 1
| #define HAVE_SYS_TYPES_H 1
| #define HAVE_SYS_STAT_H 1
| #define HAVE_STDLIB_H 1
| #define HAVE_STRING_H 1
| #define HAVE_MEMORY_H 1
| #define HAVE_STRINGS_H 1
| #define HAVE_INTTYPES_H 1
| #define HAVE_STDINT_H 1
| #define HAVE_UNISTD_H 1
| /* end confdefs.h.  */
| #include <db.h>
| int
| main ()
| {
| db_create(NULL, NULL, 0);
|   ;
|   return 0;
| }
configure:5927: /Developer/Platforms/iPhoneOS.platform/Developer/usr/bin/gcc-4.2 -o conftest -Wall -W -isysroot /Developer/Platforms/iPhoneOS.platform/Developer/SDKs/iPhoneOS5.0.sdk -arch armv6 -pipe -Os -gdwarf-2  -isysroot /Developer/Platforms/iPhoneOS.platform/Developer/SDKs/iPhoneOS5.0.sdk -arch armv6 conftest.c  -ldb-4.0 >&5
configure: In function 'main':
configure:5936: warning: implicit declaration of function 'db_create'
configure:5936: error: 'NULL' undeclared (first use in this function)
configure:5936: error: (Each undeclared identifier is reported only once
configure:5936: error: for each function it appears in.)
configure:5930: $? = 1
configure: failed program was:
| #line 5910 "configure"
| /* confdefs.h.  */
| 
| #define PACKAGE_NAME ""
| #define PACKAGE_TARNAME ""
| #define PACKAGE_VERSION ""
| #define PACKAGE_STRING ""
| #define PACKAGE_BUGREPORT ""
| #define PACKAGE "cyrus-sasl"
| #define VERSION "2.1.23"
| #define HAVE_DN_EXPAND 1
| #define SASL_DB_PATH "/etc/sasldb2"
| #define STDC_HEADERS 1
| #define HAVE_SYS_TYPES_H 1
| #define HAVE_SYS_STAT_H 1
| #define HAVE_STDLIB_H 1
| #define HAVE_STRING_H 1
| #define HAVE_MEMORY_H 1
| #define HAVE_STRINGS_H 1
| #define HAVE_INTTYPES_H 1
| #define HAVE_STDINT_H 1
| #define HAVE_UNISTD_H 1
| /* end confdefs.h.  */
| #include <db.h>
| int
| main ()
| {
| db_create(NULL, NULL, 0);
|   ;
|   return 0;
| }
configure:5927: /Developer/Platforms/iPhoneOS.platform/Developer/usr/bin/gcc-4.2 -o conftest -Wall -W -isysroot /Developer/Platforms/iPhoneOS.platform/Developer/SDKs/iPhoneOS5.0.sdk -arch armv6 -pipe -Os -gdwarf-2  -isysroot /Developer/Platforms/iPhoneOS.platform/Developer/SDKs/iPhoneOS5.0.sdk -arch armv6 conftest.c  -ldb4.0 >&5
configure: In function 'main':
configure:5936: warning: implicit declaration of function 'db_create'
configure:5936: error: 'NULL' undeclared (first use in this function)
configure:5936: error: (Each undeclared identifier is reported only once
configure:5936: error: for each function it appears in.)
configure:5930: $? = 1
configure: failed program was:
| #line 5910 "configure"
| /* confdefs.h.  */
| 
| #define PACKAGE_NAME ""
| #define PACKAGE_TARNAME ""
| #define PACKAGE_VERSION ""
| #define PACKAGE_STRING ""
| #define PACKAGE_BUGREPORT ""
| #define PACKAGE "cyrus-sasl"
| #define VERSION "2.1.23"
| #define HAVE_DN_EXPAND 1
| #define SASL_DB_PATH "/etc/sasldb2"
| #define STDC_HEADERS 1
| #define HAVE_SYS_TYPES_H 1
| #define HAVE_SYS_STAT_H 1
| #define HAVE_STDLIB_H 1
| #define HAVE_STRING_H 1
| #define HAVE_MEMORY_H 1
| #define HAVE_STRINGS_H 1
| #define HAVE_INTTYPES_H 1
| #define HAVE_STDINT_H 1
| #define HAVE_UNISTD_H 1
| /* end confdefs.h.  */
| #include <db.h>
| int
| main ()
| {
| db_create(NULL, NULL, 0);
|   ;
|   return 0;
| }
configure:5927: /Developer/Platforms/iPhoneOS.platform/Developer/usr/bin/gcc-4.2 -o conftest -Wall -W -isysroot /Developer/Platforms/iPhoneOS.platform/Developer/SDKs/iPhoneOS5.0.sdk -arch armv6 -pipe -Os -gdwarf-2  -isysroot /Developer/Platforms/iPhoneOS.platform/Developer/SDKs/iPhoneOS5.0.sdk -arch armv6 conftest.c  -ldb-4 >&5
configure: In function 'main':
configure:5936: warning: implicit declaration of function 'db_create'
configure:5936: error: 'NULL' undeclared (first use in this function)
configure:5936: error: (Each undeclared identifier is reported only once
configure:5936: error: for each function it appears in.)
configure:5930: $? = 1
configure: failed program was:
| #line 5910 "configure"
| /* confdefs.h.  */
| 
| #define PACKAGE_NAME ""
| #define PACKAGE_TARNAME ""
| #define PACKAGE_VERSION ""
| #define PACKAGE_STRING ""
| #define PACKAGE_BUGREPORT ""
| #define PACKAGE "cyrus-sasl"
| #define VERSION "2.1.23"
| #define HAVE_DN_EXPAND 1
| #define SASL_DB_PATH "/etc/sasldb2"
| #define STDC_HEADERS 1
| #define HAVE_SYS_TYPES_H 1
| #define HAVE_SYS_STAT_H 1
| #define HAVE_STDLIB_H 1
| #define HAVE_STRING_H 1
| #define HAVE_MEMORY_H 1
| #define HAVE_STRINGS_H 1
| #define HAVE_INTTYPES_H 1
| #define HAVE_STDINT_H 1
| #define HAVE_UNISTD_H 1
| /* end confdefs.h.  */
| #include <db.h>
| int
| main ()
| {
| db_create(NULL, NULL, 0);
|   ;
|   return 0;
| }
configure:5927: /Developer/Platforms/iPhoneOS.platform/Developer/usr/bin/gcc-4.2 -o conftest -Wall -W -isysroot /Developer/Platforms/iPhoneOS.platform/Developer/SDKs/iPhoneOS5.0.sdk -arch armv6 -pipe -Os -gdwarf-2  -isysroot /Developer/Platforms/iPhoneOS.platform/Developer/SDKs/iPhoneOS5.0.sdk -arch armv6 conftest.c  -ldb40 >&5
configure: In function 'main':
configure:5936: warning: implicit declaration of function 'db_create'
configure:5936: error: 'NULL' undeclared (first use in this function)
configure:5936: error: (Each undeclared identifier is reported only once
configure:5936: error: for each function it appears in.)
configure:5930: $? = 1
configure: failed program was:
| #line 5910 "configure"
| /* confdefs.h.  */
| 
| #define PACKAGE_NAME ""
| #define PACKAGE_TARNAME ""
| #define PACKAGE_VERSION ""
| #define PACKAGE_STRING ""
| #define PACKAGE_BUGREPORT ""
| #define PACKAGE "cyrus-sasl"
| #define VERSION "2.1.23"
| #define HAVE_DN_EXPAND 1
| #define SASL_DB_PATH "/etc/sasldb2"
| #define STDC_HEADERS 1
| #define HAVE_SYS_TYPES_H 1
| #define HAVE_SYS_STAT_H 1
| #define HAVE_STDLIB_H 1
| #define HAVE_STRING_H 1
| #define HAVE_MEMORY_H 1
| #define HAVE_STRINGS_H 1
| #define HAVE_INTTYPES_H 1
| #define HAVE_STDINT_H 1
| #define HAVE_UNISTD_H 1
| /* end confdefs.h.  */
| #include <db.h>
| int
| main ()
| {
| db_create(NULL, NULL, 0);
|   ;
|   return 0;
| }
configure:5927: /Developer/Platforms/iPhoneOS.platform/Developer/usr/bin/gcc-4.2 -o conftest -Wall -W -isysroot /Developer/Platforms/iPhoneOS.platform/Developer/SDKs/iPhoneOS5.0.sdk -arch armv6 -pipe -Os -gdwarf-2  -isysroot /Developer/Platforms/iPhoneOS.platform/Developer/SDKs/iPhoneOS5.0.sdk -arch armv6 conftest.c  -ldb4 >&5
configure: In function 'main':
configure:5936: warning: implicit declaration of function 'db_create'
configure:5936: error: 'NULL' undeclared (first use in this function)
configure:5936: error: (Each undeclared identifier is reported only once
configure:5936: error: for each function it appears in.)
configure:5930: $? = 1
configure: failed program was:
| #line 5910 "configure"
| /* confdefs.h.  */
| 
| #define PACKAGE_NAME ""
| #define PACKAGE_TARNAME ""
| #define PACKAGE_VERSION ""
| #define PACKAGE_STRING ""
| #define PACKAGE_BUGREPORT ""
| #define PACKAGE "cyrus-sasl"
| #define VERSION "2.1.23"
| #define HAVE_DN_EXPAND 1
| #define SASL_DB_PATH "/etc/sasldb2"
| #define STDC_HEADERS 1
| #define HAVE_SYS_TYPES_H 1
| #define HAVE_SYS_STAT_H 1
| #define HAVE_STDLIB_H 1
| #define HAVE_STRING_H 1
| #define HAVE_MEMORY_H 1
| #define HAVE_STRINGS_H 1
| #define HAVE_INTTYPES_H 1
| #define HAVE_STDINT_H 1
| #define HAVE_UNISTD_H 1
| /* end confdefs.h.  */
| #include <db.h>
| int
| main ()
| {
| db_create(NULL, NULL, 0);
|   ;
|   return 0;
| }
configure:5927: /Developer/Platforms/iPhoneOS.platform/Developer/usr/bin/gcc-4.2 -o conftest -Wall -W -isysroot /Developer/Platforms/iPhoneOS.platform/Developer/SDKs/iPhoneOS5.0.sdk -arch armv6 -pipe -Os -gdwarf-2  -isysroot /Developer/Platforms/iPhoneOS.platform/Developer/SDKs/iPhoneOS5.0.sdk -arch armv6 conftest.c  -ldb-3.3 >&5
configure: In function 'main':
configure:5936: warning: implicit declaration of function 'db_create'
configure:5936: error: 'NULL' undeclared (first use in this function)
configure:5936: error: (Each undeclared identifier is reported only once
configure:5936: error: for each function it appears in.)
configure:5930: $? = 1
configure: failed program was:
| #line 5910 "configure"
| /* confdefs.h.  */
| 
| #define PACKAGE_NAME ""
| #define PACKAGE_TARNAME ""
| #define PACKAGE_VERSION ""
| #define PACKAGE_STRING ""
| #define PACKAGE_BUGREPORT ""
| #define PACKAGE "cyrus-sasl"
| #define VERSION "2.1.23"
| #define HAVE_DN_EXPAND 1
| #define SASL_DB_PATH "/etc/sasldb2"
| #define STDC_HEADERS 1
| #define HAVE_SYS_TYPES_H 1
| #define HAVE_SYS_STAT_H 1
| #define HAVE_STDLIB_H 1
| #define HAVE_STRING_H 1
| #define HAVE_MEMORY_H 1
| #define HAVE_STRINGS_H 1
| #define HAVE_INTTYPES_H 1
| #define HAVE_STDINT_H 1
| #define HAVE_UNISTD_H 1
| /* end confdefs.h.  */
| #include <db.h>
| int
| main ()
| {
| db_create(NULL, NULL, 0);
|   ;
|   return 0;
| }
configure:5927: /Developer/Platforms/iPhoneOS.platform/Developer/usr/bin/gcc-4.2 -o conftest -Wall -W -isysroot /Developer/Platforms/iPhoneOS.platform/Developer/SDKs/iPhoneOS5.0.sdk -arch armv6 -pipe -Os -gdwarf-2  -isysroot /Developer/Platforms/iPhoneOS.platform/Developer/SDKs/iPhoneOS5.0.sdk -arch armv6 conftest.c  -ldb3.3 >&5
configure: In function 'main':
configure:5936: warning: implicit declaration of function 'db_create'
configure:5936: error: 'NULL' undeclared (first use in this function)
configure:5936: error: (Each undeclared identifier is reported only once
configure:5936: error: for each function it appears in.)
configure:5930: $? = 1
configure: failed program was:
| #line 5910 "configure"
| /* confdefs.h.  */
| 
| #define PACKAGE_NAME ""
| #define PACKAGE_TARNAME ""
| #define PACKAGE_VERSION ""
| #define PACKAGE_STRING ""
| #define PACKAGE_BUGREPORT ""
| #define PACKAGE "cyrus-sasl"
| #define VERSION "2.1.23"
| #define HAVE_DN_EXPAND 1
| #define SASL_DB_PATH "/etc/sasldb2"
| #define STDC_HEADERS 1
| #define HAVE_SYS_TYPES_H 1
| #define HAVE_SYS_STAT_H 1
| #define HAVE_STDLIB_H 1
| #define HAVE_STRING_H 1
| #define HAVE_MEMORY_H 1
| #define HAVE_STRINGS_H 1
| #define HAVE_INTTYPES_H 1
| #define HAVE_STDINT_H 1
| #define HAVE_UNISTD_H 1
| /* end confdefs.h.  */
| #include <db.h>
| int
| main ()
| {
| db_create(NULL, NULL, 0);
|   ;
|   return 0;
| }
configure:5927: /Developer/Platforms/iPhoneOS.platform/Developer/usr/bin/gcc-4.2 -o conftest -Wall -W -isysroot /Developer/Platforms/iPhoneOS.platform/Developer/SDKs/iPhoneOS5.0.sdk -arch armv6 -pipe -Os -gdwarf-2  -isysroot /Developer/Platforms/iPhoneOS.platform/Developer/SDKs/iPhoneOS5.0.sdk -arch armv6 conftest.c  -ldb33 >&5
configure: In function 'main':
configure:5936: warning: implicit declaration of function 'db_create'
configure:5936: error: 'NULL' undeclared (first use in this function)
configure:5936: error: (Each undeclared identifier is reported only once
configure:5936: error: for each function it appears in.)
configure:5930: $? = 1
configure: failed program was:
| #line 5910 "configure"
| /* confdefs.h.  */
| 
| #define PACKAGE_NAME ""
| #define PACKAGE_TARNAME ""
| #define PACKAGE_VERSION ""
| #define PACKAGE_STRING ""
| #define PACKAGE_BUGREPORT ""
| #define PACKAGE "cyrus-sasl"
| #define VERSION "2.1.23"
| #define HAVE_DN_EXPAND 1
| #define SASL_DB_PATH "/etc/sasldb2"
| #define STDC_HEADERS 1
| #define HAVE_SYS_TYPES_H 1
| #define HAVE_SYS_STAT_H 1
| #define HAVE_STDLIB_H 1
| #define HAVE_STRING_H 1
| #define HAVE_MEMORY_H 1
| #define HAVE_STRINGS_H 1
| #define HAVE_INTTYPES_H 1
| #define HAVE_STDINT_H 1
| #define HAVE_UNISTD_H 1
| /* end confdefs.h.  */
| #include <db.h>
| int
| main ()
| {
| db_create(NULL, NULL, 0);
|   ;
|   return 0;
| }
configure:5927: /Developer/Platforms/iPhoneOS.platform/Developer/usr/bin/gcc-4.2 -o conftest -Wall -W -isysroot /Developer/Platforms/iPhoneOS.platform/Developer/SDKs/iPhoneOS5.0.sdk -arch armv6 -pipe -Os -gdwarf-2  -isysroot /Developer/Platforms/iPhoneOS.platform/Developer/SDKs/iPhoneOS5.0.sdk -arch armv6 conftest.c  -ldb-3.2 >&5
configure: In function 'main':
configure:5936: warning: implicit declaration of function 'db_create'
configure:5936: error: 'NULL' undeclared (first use in this function)
configure:5936: error: (Each undeclared identifier is reported only once
configure:5936: error: for each function it appears in.)
configure:5930: $? = 1
configure: failed program was:
| #line 5910 "configure"
| /* confdefs.h.  */
| 
| #define PACKAGE_NAME ""
| #define PACKAGE_TARNAME ""
| #define PACKAGE_VERSION ""
| #define PACKAGE_STRING ""
| #define PACKAGE_BUGREPORT ""
| #define PACKAGE "cyrus-sasl"
| #define VERSION "2.1.23"
| #define HAVE_DN_EXPAND 1
| #define SASL_DB_PATH "/etc/sasldb2"
| #define STDC_HEADERS 1
| #define HAVE_SYS_TYPES_H 1
| #define HAVE_SYS_STAT_H 1
| #define HAVE_STDLIB_H 1
| #define HAVE_STRING_H 1
| #define HAVE_MEMORY_H 1
| #define HAVE_STRINGS_H 1
| #define HAVE_INTTYPES_H 1
| #define HAVE_STDINT_H 1
| #define HAVE_UNISTD_H 1
| /* end confdefs.h.  */
| #include <db.h>
| int
| main ()
| {
| db_create(NULL, NULL, 0);
|   ;
|   return 0;
| }
configure:5927: /Developer/Platforms/iPhoneOS.platform/Developer/usr/bin/gcc-4.2 -o conftest -Wall -W -isysroot /Developer/Platforms/iPhoneOS.platform/Developer/SDKs/iPhoneOS5.0.sdk -arch armv6 -pipe -Os -gdwarf-2  -isysroot /Developer/Platforms/iPhoneOS.platform/Developer/SDKs/iPhoneOS5.0.sdk -arch armv6 conftest.c  -ldb3.2 >&5
configure: In function 'main':
configure:5936: warning: implicit declaration of function 'db_create'
configure:5936: error: 'NULL' undeclared (first use in this function)
configure:5936: error: (Each undeclared identifier is reported only once
configure:5936: error: for each function it appears in.)
configure:5930: $? = 1
configure: failed program was:
| #line 5910 "configure"
| /* confdefs.h.  */
| 
| #define PACKAGE_NAME ""
| #define PACKAGE_TARNAME ""
| #define PACKAGE_VERSION ""
| #define PACKAGE_STRING ""
| #define PACKAGE_BUGREPORT ""
| #define PACKAGE "cyrus-sasl"
| #define VERSION "2.1.23"
| #define HAVE_DN_EXPAND 1
| #define SASL_DB_PATH "/etc/sasldb2"
| #define STDC_HEADERS 1
| #define HAVE_SYS_TYPES_H 1
| #define HAVE_SYS_STAT_H 1
| #define HAVE_STDLIB_H 1
| #define HAVE_STRING_H 1
| #define HAVE_MEMORY_H 1
| #define HAVE_STRINGS_H 1
| #define HAVE_INTTYPES_H 1
| #define HAVE_STDINT_H 1
| #define HAVE_UNISTD_H 1
| /* end confdefs.h.  */
| #include <db.h>
| int
| main ()
| {
| db_create(NULL, NULL, 0);
|   ;
|   return 0;
| }
configure:5927: /Developer/Platforms/iPhoneOS.platform/Developer/usr/bin/gcc-4.2 -o conftest -Wall -W -isysroot /Developer/Platforms/iPhoneOS.platform/Developer/SDKs/iPhoneOS5.0.sdk -arch armv6 -pipe -Os -gdwarf-2  -isysroot /Developer/Platforms/iPhoneOS.platform/Developer/SDKs/iPhoneOS5.0.sdk -arch armv6 conftest.c  -ldb32 >&5
configure: In function 'main':
configure:5936: warning: implicit declaration of function 'db_create'
configure:5936: error: 'NULL' undeclared (first use in this function)
configure:5936: error: (Each undeclared identifier is reported only once
configure:5936: error: for each function it appears in.)
configure:5930: $? = 1
configure: failed program was:
| #line 5910 "configure"
| /* confdefs.h.  */
| 
| #define PACKAGE_NAME ""
| #define PACKAGE_TARNAME ""
| #define PACKAGE_VERSION ""
| #define PACKAGE_STRING ""
| #define PACKAGE_BUGREPORT ""
| #define PACKAGE "cyrus-sasl"
| #define VERSION "2.1.23"
| #define HAVE_DN_EXPAND 1
| #define SASL_DB_PATH "/etc/sasldb2"
| #define STDC_HEADERS 1
| #define HAVE_SYS_TYPES_H 1
| #define HAVE_SYS_STAT_H 1
| #define HAVE_STDLIB_H 1
| #define HAVE_STRING_H 1
| #define HAVE_MEMORY_H 1
| #define HAVE_STRINGS_H 1
| #define HAVE_INTTYPES_H 1
| #define HAVE_STDINT_H 1
| #define HAVE_UNISTD_H 1
| /* end confdefs.h.  */
| #include <db.h>
| int
| main ()
| {
| db_create(NULL, NULL, 0);
|   ;
|   return 0;
| }
configure:5927: /Developer/Platforms/iPhoneOS.platform/Developer/usr/bin/gcc-4.2 -o conftest -Wall -W -isysroot /Developer/Platforms/iPhoneOS.platform/Developer/SDKs/iPhoneOS5.0.sdk -arch armv6 -pipe -Os -gdwarf-2  -isysroot /Developer/Platforms/iPhoneOS.platform/Developer/SDKs/iPhoneOS5.0.sdk -arch armv6 conftest.c  -ldb-3.1 >&5
configure: In function 'main':
configure:5936: warning: implicit declaration of function 'db_create'
configure:5936: error: 'NULL' undeclared (first use in this function)
configure:5936: error: (Each undeclared identifier is reported only once
configure:5936: error: for each function it appears in.)
configure:5930: $? = 1
configure: failed program was:
| #line 5910 "configure"
| /* confdefs.h.  */
| 
| #define PACKAGE_NAME ""
| #define PACKAGE_TARNAME ""
| #define PACKAGE_VERSION ""
| #define PACKAGE_STRING ""
| #define PACKAGE_BUGREPORT ""
| #define PACKAGE "cyrus-sasl"
| #define VERSION "2.1.23"
| #define HAVE_DN_EXPAND 1
| #define SASL_DB_PATH "/etc/sasldb2"
| #define STDC_HEADERS 1
| #define HAVE_SYS_TYPES_H 1
| #define HAVE_SYS_STAT_H 1
| #define HAVE_STDLIB_H 1
| #define HAVE_STRING_H 1
| #define HAVE_MEMORY_H 1
| #define HAVE_STRINGS_H 1
| #define HAVE_INTTYPES_H 1
| #define HAVE_STDINT_H 1
| #define HAVE_UNISTD_H 1
| /* end confdefs.h.  */
| #include <db.h>
| int
| main ()
| {
| db_create(NULL, NULL, 0);
|   ;
|   return 0;
| }
configure:5927: /Developer/Platforms/iPhoneOS.platform/Developer/usr/bin/gcc-4.2 -o conftest -Wall -W -isysroot /Developer/Platforms/iPhoneOS.platform/Developer/SDKs/iPhoneOS5.0.sdk -arch armv6 -pipe -Os -gdwarf-2  -isysroot /Developer/Platforms/iPhoneOS.platform/Developer/SDKs/iPhoneOS5.0.sdk -arch armv6 conftest.c  -ldb3.1 >&5
configure: In function 'main':
configure:5936: warning: implicit declaration of function 'db_create'
configure:5936: error: 'NULL' undeclared (first use in this function)
configure:5936: error: (Each undeclared identifier is reported only once
configure:5936: error: for each function it appears in.)
configure:5930: $? = 1
configure: failed program was:
| #line 5910 "configure"
| /* confdefs.h.  */
| 
| #define PACKAGE_NAME ""
| #define PACKAGE_TARNAME ""
| #define PACKAGE_VERSION ""
| #define PACKAGE_STRING ""
| #define PACKAGE_BUGREPORT ""
| #define PACKAGE "cyrus-sasl"
| #define VERSION "2.1.23"
| #define HAVE_DN_EXPAND 1
| #define SASL_DB_PATH "/etc/sasldb2"
| #define STDC_HEADERS 1
| #define HAVE_SYS_TYPES_H 1
| #define HAVE_SYS_STAT_H 1
| #define HAVE_STDLIB_H 1
| #define HAVE_STRING_H 1
| #define HAVE_MEMORY_H 1
| #define HAVE_STRINGS_H 1
| #define HAVE_INTTYPES_H 1
| #define HAVE_STDINT_H 1
| #define HAVE_UNISTD_H 1
| /* end confdefs.h.  */
| #include <db.h>
| int
| main ()
| {
| db_create(NULL, NULL, 0);
|   ;
|   return 0;
| }
configure:5927: /Developer/Platforms/iPhoneOS.platform/Developer/usr/bin/gcc-4.2 -o conftest -Wall -W -isysroot /Developer/Platforms/iPhoneOS.platform/Developer/SDKs/iPhoneOS5.0.sdk -arch armv6 -pipe -Os -gdwarf-2  -isysroot /Developer/Platforms/iPhoneOS.platform/Developer/SDKs/iPhoneOS5.0.sdk -arch armv6 conftest.c  -ldb31 >&5
configure: In function 'main':
configure:5936: warning: implicit declaration of function 'db_create'
configure:5936: error: 'NULL' undeclared (first use in this function)
configure:5936: error: (Each undeclared identifier is reported only once
configure:5936: error: for each function it appears in.)
configure:5930: $? = 1
configure: failed program was:
| #line 5910 "configure"
| /* confdefs.h.  */
| 
| #define PACKAGE_NAME ""
| #define PACKAGE_TARNAME ""
| #define PACKAGE_VERSION ""
| #define PACKAGE_STRING ""
| #define PACKAGE_BUGREPORT ""
| #define PACKAGE "cyrus-sasl"
| #define VERSION "2.1.23"
| #define HAVE_DN_EXPAND 1
| #define SASL_DB_PATH "/etc/sasldb2"
| #define STDC_HEADERS 1
| #define HAVE_SYS_TYPES_H 1
| #define HAVE_SYS_STAT_H 1
| #define HAVE_STDLIB_H 1
| #define HAVE_STRING_H 1
| #define HAVE_MEMORY_H 1
| #define HAVE_STRINGS_H 1
| #define HAVE_INTTYPES_H 1
| #define HAVE_STDINT_H 1
| #define HAVE_UNISTD_H 1
| /* end confdefs.h.  */
| #include <db.h>
| int
| main ()
| {
| db_create(NULL, NULL, 0);
|   ;
|   return 0;
| }
configure:5927: /Developer/Platforms/iPhoneOS.platform/Developer/usr/bin/gcc-4.2 -o conftest -Wall -W -isysroot /Developer/Platforms/iPhoneOS.platform/Developer/SDKs/iPhoneOS5.0.sdk -arch armv6 -pipe -Os -gdwarf-2  -isysroot /Developer/Platforms/iPhoneOS.platform/Developer/SDKs/iPhoneOS5.0.sdk -arch armv6 conftest.c  -ldb-3 >&5
configure: In function 'main':
configure:5936: warning: implicit declaration of function 'db_create'
configure:5936: error: 'NULL' undeclared (first use in this function)
configure:5936: error: (Each undeclared identifier is reported only once
configure:5936: error: for each function it appears in.)
configure:5930: $? = 1
configure: failed program was:
| #line 5910 "configure"
| /* confdefs.h.  */
| 
| #define PACKAGE_NAME ""
| #define PACKAGE_TARNAME ""
| #define PACKAGE_VERSION ""
| #define PACKAGE_STRING ""
| #define PACKAGE_BUGREPORT ""
| #define PACKAGE "cyrus-sasl"
| #define VERSION "2.1.23"
| #define HAVE_DN_EXPAND 1
| #define SASL_DB_PATH "/etc/sasldb2"
| #define STDC_HEADERS 1
| #define HAVE_SYS_TYPES_H 1
| #define HAVE_SYS_STAT_H 1
| #define HAVE_STDLIB_H 1
| #define HAVE_STRING_H 1
| #define HAVE_MEMORY_H 1
| #define HAVE_STRINGS_H 1
| #define HAVE_INTTYPES_H 1
| #define HAVE_STDINT_H 1
| #define HAVE_UNISTD_H 1
| /* end confdefs.h.  */
| #include <db.h>
| int
| main ()
| {
| db_create(NULL, NULL, 0);
|   ;
|   return 0;
| }
configure:5927: /Developer/Platforms/iPhoneOS.platform/Developer/usr/bin/gcc-4.2 -o conftest -Wall -W -isysroot /Developer/Platforms/iPhoneOS.platform/Developer/SDKs/iPhoneOS5.0.sdk -arch armv6 -pipe -Os -gdwarf-2  -isysroot /Developer/Platforms/iPhoneOS.platform/Developer/SDKs/iPhoneOS5.0.sdk -arch armv6 conftest.c  -ldb30 >&5
configure: In function 'main':
configure:5936: warning: implicit declaration of function 'db_create'
configure:5936: error: 'NULL' undeclared (first use in this function)
configure:5936: error: (Each undeclared identifier is reported only once
configure:5936: error: for each function it appears in.)
configure:5930: $? = 1
configure: failed program was:
| #line 5910 "configure"
| /* confdefs.h.  */
| 
| #define PACKAGE_NAME ""
| #define PACKAGE_TARNAME ""
| #define PACKAGE_VERSION ""
| #define PACKAGE_STRING ""
| #define PACKAGE_BUGREPORT ""
| #define PACKAGE "cyrus-sasl"
| #define VERSION "2.1.23"
| #define HAVE_DN_EXPAND 1
| #define SASL_DB_PATH "/etc/sasldb2"
| #define STDC_HEADERS 1
| #define HAVE_SYS_TYPES_H 1
| #define HAVE_SYS_STAT_H 1
| #define HAVE_STDLIB_H 1
| #define HAVE_STRING_H 1
| #define HAVE_MEMORY_H 1
| #define HAVE_STRINGS_H 1
| #define HAVE_INTTYPES_H 1
| #define HAVE_STDINT_H 1
| #define HAVE_UNISTD_H 1
| /* end confdefs.h.  */
| #include <db.h>
| int
| main ()
| {
| db_create(NULL, NULL, 0);
|   ;
|   return 0;
| }
configure:5927: /Developer/Platforms/iPhoneOS.platform/Developer/usr/bin/gcc-4.2 -o conftest -Wall -W -isysroot /Developer/Platforms/iPhoneOS.platform/Developer/SDKs/iPhoneOS5.0.sdk -arch armv6 -pipe -Os -gdwarf-2  -isysroot /Developer/Platforms/iPhoneOS.platform/Developer/SDKs/iPhoneOS5.0.sdk -arch armv6 conftest.c  -ldb3 >&5
configure: In function 'main':
configure:5936: warning: implicit declaration of function 'db_create'
configure:5936: error: 'NULL' undeclared (first use in this function)
configure:5936: error: (Each undeclared identifier is reported only once
configure:5936: error: for each function it appears in.)
configure:5930: $? = 1
configure: failed program was:
| #line 5910 "configure"
| /* confdefs.h.  */
| 
| #define PACKAGE_NAME ""
| #define PACKAGE_TARNAME ""
| #define PACKAGE_VERSION ""
| #define PACKAGE_STRING ""
| #define PACKAGE_BUGREPORT ""
| #define PACKAGE "cyrus-sasl"
| #define VERSION "2.1.23"
| #define HAVE_DN_EXPAND 1
| #define SASL_DB_PATH "/etc/sasldb2"
| #define STDC_HEADERS 1
| #define HAVE_SYS_TYPES_H 1
| #define HAVE_SYS_STAT_H 1
| #define HAVE_STDLIB_H 1
| #define HAVE_STRING_H 1
| #define HAVE_MEMORY_H 1
| #define HAVE_STRINGS_H 1
| #define HAVE_INTTYPES_H 1
| #define HAVE_STDINT_H 1
| #define HAVE_UNISTD_H 1
| /* end confdefs.h.  */
| #include <db.h>
| int
| main ()
| {
| db_create(NULL, NULL, 0);
|   ;
|   return 0;
| }
configure:5927: /Developer/Platforms/iPhoneOS.platform/Developer/usr/bin/gcc-4.2 -o conftest -Wall -W -isysroot /Developer/Platforms/iPhoneOS.platform/Developer/SDKs/iPhoneOS5.0.sdk -arch armv6 -pipe -Os -gdwarf-2  -isysroot /Developer/Platforms/iPhoneOS.platform/Developer/SDKs/iPhoneOS5.0.sdk -arch armv6 conftest.c  -ldb >&5
configure: In function 'main':
configure:5936: warning: implicit declaration of function 'db_create'
configure:5936: error: 'NULL' undeclared (first use in this function)
configure:5936: error: (Each undeclared identifier is reported only once
configure:5936: error: for each function it appears in.)
configure:5930: $? = 1
configure: failed program was:
| #line 5910 "configure"
| /* confdefs.h.  */
| 
| #define PACKAGE_NAME ""
| #define PACKAGE_TARNAME ""
| #define PACKAGE_VERSION ""
| #define PACKAGE_STRING ""
| #define PACKAGE_BUGREPORT ""
| #define PACKAGE "cyrus-sasl"
| #define VERSION "2.1.23"
| #define HAVE_DN_EXPAND 1
| #define SASL_DB_PATH "/etc/sasldb2"
| #define STDC_HEADERS 1
| #define HAVE_SYS_TYPES_H 1
| #define HAVE_SYS_STAT_H 1
| #define HAVE_STDLIB_H 1
| #define HAVE_STRING_H 1
| #define HAVE_MEMORY_H 1
| #define HAVE_STRINGS_H 1
| #define HAVE_INTTYPES_H 1
| #define HAVE_STDINT_H 1
| #define HAVE_UNISTD_H 1
| /* end confdefs.h.  */
| #include <db.h>
| int
| main ()
| {
| db_create(NULL, NULL, 0);
|   ;
|   return 0;
| }
configure:5967: /Developer/Platforms/iPhoneOS.platform/Developer/usr/bin/gcc-4.2 -o conftest -Wall -W -isysroot /Developer/Platforms/iPhoneOS.platform/Developer/SDKs/iPhoneOS5.0.sdk -arch armv6 -pipe -Os -gdwarf-2  -isysroot /Developer/Platforms/iPhoneOS.platform/Developer/SDKs/iPhoneOS5.0.sdk -arch armv6 conftest.c  -ldb >&5
configure: In function 'main':
configure:5976: warning: implicit declaration of function 'db_open'
configure:5976: error: 'NULL' undeclared (first use in this function)
configure:5976: error: (Each undeclared identifier is reported only once
configure:5976: error: for each function it appears in.)
configure:5970: $? = 1
configure: failed program was:
| #line 5950 "configure"
| /* confdefs.h.  */
| 
| #define PACKAGE_NAME ""
| #define PACKAGE_TARNAME ""
| #define PACKAGE_VERSION ""
| #define PACKAGE_STRING ""
| #define PACKAGE_BUGREPORT ""
| #define PACKAGE "cyrus-sasl"
| #define VERSION "2.1.23"
| #define HAVE_DN_EXPAND 1
| #define SASL_DB_PATH "/etc/sasldb2"
| #define STDC_HEADERS 1
| #define HAVE_SYS_TYPES_H 1
| #define HAVE_SYS_STAT_H 1
| #define HAVE_STDLIB_H 1
| #define HAVE_STRING_H 1
| #define HAVE_MEMORY_H 1
| #define HAVE_STRINGS_H 1
| #define HAVE_INTTYPES_H 1
| #define HAVE_STDINT_H 1
| #define HAVE_UNISTD_H 1
| /* end confdefs.h.  */
| #include <db.h>
| int
| main ()
| {
| db_open(NULL, 0, 0, 0, NULL, NULL, NULL);
|   ;
|   return 0;
| }
configure:6001: checking for ndbm.h
configure:6006: result: yes
configure:6131: checking for dbm_open in -lndbm
configure:6183: result: no
configure:6197: checking for dbm_open
configure:6267: result: yes
configure:6497: checking DB library to use
configure:6499: result: ndbm
configure:6600: checking if Berkeley DB handle is kept open in SASLDB
configure:6602: result: no
configure:6605: checking for dlopen in -ldl
configure:6657: result: yes
configure:6676: checking /dev/random to use
configure:6678: result: /dev/random
configure:6691: checking for nm
configure:6717: result: /usr/bin/nm
configure:6728: checking for underscore before symbols
configure:6744: result: yes
configure:6750: checking whether dlsym adds the underscore for us
configure:6758: WARNING: cross-compiler
configure:6807: result: 
configure:6816: checking for syslog
configure:6886: result: yes
configure:6916: checking for security/pam_appl.h
configure:6921: result: yes
configure:6916: checking for pam/pam_appl.h
configure:6921: result: no
configure:7054: checking for pam_start
configure:7124: result: no
configure:7162: /Developer/Platforms/iPhoneOS.platform/Developer/usr/bin/gcc-4.2 -o conftest -Wall -W -isysroot /Developer/Platforms/iPhoneOS.platform/Developer/SDKs/iPhoneOS5.0.sdk -arch armv6 -pipe -Os -gdwarf-2  -isysroot /Developer/Platforms/iPhoneOS.platform/Developer/SDKs/iPhoneOS5.0.sdk -arch armv6 conftest.c -lpam  >&5
configure: In function 'main':
configure:7171: error: 'pam_handle_t' undeclared (first use in this function)
configure:7171: error: (Each undeclared identifier is reported only once
configure:7171: error: for each function it appears in.)
configure:7171: error: 'pamh' undeclared (first use in this function)
configure:7174: warning: implicit declaration of function 'pam_start'
configure:7165: $? = 1
configure: failed program was:
| #line 7130 "configure"
| /* confdefs.h.  */
| 
| #define PACKAGE_NAME ""
| #define PACKAGE_TARNAME ""
| #define PACKAGE_VERSION ""
| #define PACKAGE_STRING ""
| #define PACKAGE_BUGREPORT ""
| #define PACKAGE "cyrus-sasl"
| #define VERSION "2.1.23"
| #define HAVE_DN_EXPAND 1
| #define SASL_DB_PATH "/etc/sasldb2"
| #define STDC_HEADERS 1
| #define HAVE_SYS_TYPES_H 1
| #define HAVE_SYS_STAT_H 1
| #define HAVE_STDLIB_H 1
| #define HAVE_STRING_H 1
| #define HAVE_MEMORY_H 1
| #define HAVE_STRINGS_H 1
| #define HAVE_INTTYPES_H 1
| #define HAVE_STDINT_H 1
| #define HAVE_UNISTD_H 1
| #define SASL_NDBM
| #define STATIC_SASLDB
| #define SASL_DEV_RANDOM "/dev/random"
| #define HAVE_SYSLOG 1
| #define HAVE_SECURITY_PAM_APPL_H 1
| /* end confdefs.h.  */
| 
| #include <sys/types.h>
| #ifdef HAVE_PAM_PAM_APPL_H
| #include <pam/pam_appl.h>
| #endif
| #ifdef HAVE_SECURITY_PAM_H
| #include <security/pam_appl.h>
| #endif
| int
| main ()
| {
| 
| const char *service="foo";
| const char *user="bar";
| pam_handle_t *pamh;
| struct pam_conv *conv;
| int baz;
| baz = pam_start(service, user, conv, &pamh);
| return 0;
| 
|   ;
|   return 0;
| }
configure:7219: checking if I should include saslauthd
configure:7221: result: /var/state/saslauthd
configure:7247: checking to include Courier authdaemond support
configure:7249: result: /dev/null
configure:7364: checking if I should include pwcheck
configure:7366: result: no
configure:7404: checking if I should include the alwaystrue verifier
configure:7406: result: no
configure:7417: checking if we should enable sasl_checkapop
configure:7420: result: enabled
configure:7440: checking CRAM-MD5
configure:7443: result: enabled
configure:7466: checking for long
configure:7511: result: yes
configure:7514: checking size of long
configure:7820: result: 4
configure:7827: checking what directory libraries are found in
configure:7846: result: lib
configure:7882: checking for RSAPublicEncrypt in -lrsaref
configure:7934: result: no
configure:8004: checking for openssl/evp.h
configure:8009: result: yes
configure:8134: checking for EVP_DigestInit in -lcrypto
configure:8186: result: yes
configure:8213: checking for OpenSSL
configure:8215: result: yes
configure:8236: checking for des_cbc_encrypt in -lcrypto
configure:8288: result: no
configure:8440: checking for DES_cbc_encrypt in -lcrypto
configure:8492: result: yes
configure:8497: checking for openssl/des.h
configure:8502: result: yes
configure:9136: checking DIGEST-MD5
configure:9139: result: enabled
configure:9170: checking OTP
configure:9173: result: enabled
configure:9197: checking for opiechallenge in -lopie
configure:9249: result: no
configure:9404: checking for OPIE
configure:9406: result: no
configure:9439: checking SRP
configure:9482: result: disabled
configure:10069: checking KERBEROS_V4
configure:10089: result: disabled
configure:10094: checking for crypt
configure:10164: result: yes
configure:10271: WARNING: The system type is not recognized. If you believe that CyberSafe GSSAPI works on this platform, please update the configure script
configure:10299: checking for gssapi.h
configure:10304: result: yes
configure:10589: checking for res_search in -lresolv
configure:10641: result: yes
configure:10669: checking for gss_unwrap in -lgssapi
configure:10721: result: no
configure:10736: checking for krb5int_getspecific in -lkrb5support
configure:10788: result: no
configure:10796: checking for gss_unwrap in -lgssapi_krb5
configure:10848: result: no
configure:10881: checking for csf_gss_acq_user in -lgss
configure:10912: /Developer/Platforms/iPhoneOS.platform/Developer/usr/bin/gcc-4.2 -o conftest -Wall -W -isysroot /Developer/Platforms/iPhoneOS.platform/Developer/SDKs/iPhoneOS5.0.sdk -arch armv6 -pipe -Os -gdwarf-2  -I/Users/shwet/Desktop/git/Remail/remail-iphone/build-crypto-deps/binaries//Developer/Platforms/iPhoneOS.platform/Developer/SDKs/iPhoneOS5.0.sdk/Release/include -D -L/Users/shwet/Desktop/git/Remail/remail-iphone/build-crypto-deps/binaries//Developer/Platforms/iPhoneOS.platform/Developer/SDKs/iPhoneOS5.0.sdk/Release/lib -Wl,-rpath,/Users/shwet/Desktop/git/Remail/remail-iphone/build-crypto-deps/binaries//Developer/Platforms/iPhoneOS.platform/Developer/SDKs/iPhoneOS5.0.sdk/Release/lib -isysroot /Developer/Platforms/iPhoneOS.platform/Developer/SDKs/iPhoneOS5.0.sdk -arch armv6 conftest.c -lgss  -lgss -lcstbk5 -lresolv   >&5
<command-line>: error: macro names must be identifiers
configure:10915: $? = 1
configure: failed program was:
| #line 10888 "configure"
| /* confdefs.h.  */
| 
| #define PACKAGE_NAME ""
| #define PACKAGE_TARNAME ""
| #define PACKAGE_VERSION ""
| #define PACKAGE_STRING ""
| #define PACKAGE_BUGREPORT ""
| #define PACKAGE "cyrus-sasl"
| #define VERSION "2.1.23"
| #define HAVE_DN_EXPAND 1
| #define SASL_DB_PATH "/etc/sasldb2"
| #define STDC_HEADERS 1
| #define HAVE_SYS_TYPES_H 1
| #define HAVE_SYS_STAT_H 1
| #define HAVE_STDLIB_H 1
| #define HAVE_STRING_H 1
| #define HAVE_MEMORY_H 1
| #define HAVE_STRINGS_H 1
| #define HAVE_INTTYPES_H 1
| #define HAVE_STDINT_H 1
| #define HAVE_UNISTD_H 1
| #define SASL_NDBM
| #define STATIC_SASLDB
| #define SASL_DEV_RANDOM "/dev/random"
| #define HAVE_SYSLOG 1
| #define HAVE_SECURITY_PAM_APPL_H 1
| #define HAVE_SASLAUTHD
| #define PATH_SASLAUTHD_RUNDIR "/var/state/saslauthd"
| #define HAVE_AUTHDAEMON
| #define PATH_AUTHDAEMON_SOCKET "/dev/null"
| #define DO_SASL_CHECKAPOP
| #define STATIC_CRAMMD5
| #define SIZEOF_LONG 4
| #define HAVE_OPENSSL
| #define WITH_SSL_DES
| #define WITH_DES
| #define STATIC_DIGESTMD5
| #define STATIC_OTP
| #define HAVE_GSSAPI_H
| #define HAVE_LIBRESOLV 1
| /* end confdefs.h.  */
| 
| /* Override any gcc2 internal prototype to avoid an error.  */
| #ifdef __cplusplus
| extern "C"
| #endif
| /* We use char because int might match the return type of a gcc2
|    builtin and then its argument prototype would still apply.  */
| char csf_gss_acq_user ();
| int
| main ()
| {
| csf_gss_acq_user ();
|   ;
|   return 0;
| }
configure:10933: result: no
configure:10939: checking for csf_gss_acq_user in -lgss
configure:10970: /Developer/Platforms/iPhoneOS.platform/Developer/usr/bin/gcc-4.2 -o conftest -Wall -W -isysroot /Developer/Platforms/iPhoneOS.platform/Developer/SDKs/iPhoneOS5.0.sdk -arch armv6 -pipe -Os -gdwarf-2  -I/Users/shwet/Desktop/git/Remail/remail-iphone/build-crypto-deps/binaries//Developer/Platforms/iPhoneOS.platform/Developer/SDKs/iPhoneOS5.0.sdk/Release/include -D -L/Users/shwet/Desktop/git/Remail/remail-iphone/build-crypto-deps/binaries//Developer/Platforms/iPhoneOS.platform/Developer/SDKs/iPhoneOS5.0.sdk/Release/lib -Wl,-rpath,/Users/shwet/Desktop/git/Remail/remail-iphone/build-crypto-deps/binaries//Developer/Platforms/iPhoneOS.platform/Developer/SDKs/iPhoneOS5.0.sdk/Release/lib -isysroot /Developer/Platforms/iPhoneOS.platform/Developer/SDKs/iPhoneOS5.0.sdk -arch armv6 conftest.c -lgss  -lgss -lresolv   >&5
<command-line>: error: macro names must be identifiers
configure:10973: $? = 1
configure: failed program was:
| #line 10946 "configure"
| /* confdefs.h.  */
| 
| #define PACKAGE_NAME ""
| #define PACKAGE_TARNAME ""
| #define PACKAGE_VERSION ""
| #define PACKAGE_STRING ""
| #define PACKAGE_BUGREPORT ""
| #define PACKAGE "cyrus-sasl"
| #define VERSION "2.1.23"
| #define HAVE_DN_EXPAND 1
| #define SASL_DB_PATH "/etc/sasldb2"
| #define STDC_HEADERS 1
| #define HAVE_SYS_TYPES_H 1
| #define HAVE_SYS_STAT_H 1
| #define HAVE_STDLIB_H 1
| #define HAVE_STRING_H 1
| #define HAVE_MEMORY_H 1
| #define HAVE_STRINGS_H 1
| #define HAVE_INTTYPES_H 1
| #define HAVE_STDINT_H 1
| #define HAVE_UNISTD_H 1
| #define SASL_NDBM
| #define STATIC_SASLDB
| #define SASL_DEV_RANDOM "/dev/random"
| #define HAVE_SYSLOG 1
| #define HAVE_SECURITY_PAM_APPL_H 1
| #define HAVE_SASLAUTHD
| #define PATH_SASLAUTHD_RUNDIR "/var/state/saslauthd"
| #define HAVE_AUTHDAEMON
| #define PATH_AUTHDAEMON_SOCKET "/dev/null"
| #define DO_SASL_CHECKAPOP
| #define STATIC_CRAMMD5
| #define SIZEOF_LONG 4
| #define HAVE_OPENSSL
| #define WITH_SSL_DES
| #define WITH_DES
| #define STATIC_DIGESTMD5
| #define STATIC_OTP
| #define HAVE_GSSAPI_H
| #define HAVE_LIBRESOLV 1
| /* end confdefs.h.  */
| 
| /* Override any gcc2 internal prototype to avoid an error.  */
| #ifdef __cplusplus
| extern "C"
| #endif
| /* We use char because int might match the return type of a gcc2
|    builtin and then its argument prototype would still apply.  */
| char csf_gss_acq_user ();
| int
| main ()
| {
| csf_gss_acq_user ();
|   ;
|   return 0;
| }
configure:10991: result: no
configure:11015: checking for gss_unwrap in -lgss
configure:11067: result: no
configure:11112: WARNING: Disabling GSSAPI - no library
configure:11265: checking GSSAPI
configure:11420: result: disabled
configure:11476: checking PLAIN
configure:11479: result: enabled
configure:11505: checking ANONYMOUS
configure:11508: result: enabled
configure:11533: checking LOGIN
configure:11549: result: disabled
configure:11567: checking NTLM
configure:11586: result: disabled
configure:11604: checking PASSDSS
configure:11623: result: disabled
configure:11649: checking SQL
configure:11665: result: disabled
configure:12128: checking LDAPDB
configure:12468: result: disabled
configure:12547: checking for dmalloc library
configure:12589: result: no
configure:12595: checking for sfio library
configure:12663: result: no
configure:12679: checking for getsubopt
configure:12749: result: yes
configure:12769: checking for snprintf
configure:12839: result: yes
configure:12851: checking for vsnprintf
configure:12921: result: yes
configure:12942: checking for inet_aton in -lresolv
configure:12994: result: yes
configure:13009: checking for getaddrinfo
configure:13079: result: yes
configure:13345: checking for gai_strerror
configure:13415: result: yes
configure:13703: checking for getnameinfo
configure:13773: result: yes
configure:14057: checking for an ANSI C-conforming const
configure:14145: result: yes
configure:14155: checking for inline
configure:14198: result: inline
configure:14213: checking for mode_t
configure:14258: result: yes
configure:14270: checking for pid_t
configure:14315: result: yes
configure:14327: checking return type of signal handlers
configure:14379: result: void
configure:14388: checking whether time.h and sys/time.h may both be included
configure:14434: result: yes
configure:14444: checking for ANSI C header files
configure:14594: result: yes
configure:14612: checking for dirent.h that defines DIR
configure:14657: result: yes
configure:14670: checking for library containing opendir
configure:14769: result: none required
configure:14885: checking for sys/wait.h that is POSIX.1 compatible
configure:14937: result: yes
configure:14968: checking for des.h
configure:14973: result: no
configure:14968: checking for dlfcn.h
configure:14973: result: yes
configure:14968: checking for fcntl.h
configure:14973: result: yes
configure:14968: checking for limits.h
configure:14973: result: yes
configure:14968: checking for malloc.h
configure:14973: result: no
configure:14968: checking for paths.h
configure:14973: result: yes
configure:14968: checking for strings.h
configure:14973: result: yes
configure:14968: checking for sys/file.h
configure:14973: result: yes
configure:14968: checking for sys/time.h
configure:14973: result: yes
configure:14968: checking for syslog.h
configure:14973: result: yes
configure:14968: checking for unistd.h
configure:14973: result: yes
configure:14968: checking for inttypes.h
configure:14973: result: yes
configure:14968: checking for sys/uio.h
configure:14973: result: yes
configure:14968: checking for sys/param.h
configure:14973: result: yes
configure:14968: checking for sysexits.h
configure:14973: result: yes
configure:14968: checking for stdarg.h
configure:14973: result: yes
configure:14968: checking for varargs.h
configure:14973: result: no
configure:15107: checking whether you have ss_family in struct sockaddr_storage
configure:15159: result: yes
configure:15162: checking whether you have sa_len in struct sockaddr
configure:15214: result: yes
configure:15217: checking for socklen_t
configure:15269: result: yes
configure:15294: checking for gethostname
configure:15364: result: yes
configure:15294: checking for getdomainname
configure:15364: result: yes
configure:15294: checking for getpwnam
configure:15364: result: yes
configure:15294: checking for getspnam
configure:15364: result: no
configure:15294: checking for gettimeofday
configure:15364: result: yes
configure:15294: checking for inet_aton
configure:15364: result: yes
configure:15294: checking for memcpy
configure:15364: result: yes
configure:15294: checking for mkdir
configure:15364: result: yes
configure:15294: checking for select
configure:15364: result: yes
configure:15294: checking for socket
configure:15364: result: yes
configure:15294: checking for strchr
configure:15364: result: yes
configure:15294: checking for strdup
configure:15364: result: yes
configure:15294: checking for strerror
configure:15364: result: yes
configure:15294: checking for strspn
configure:15364: result: yes
configure:15294: checking for strstr
configure:15364: result: yes
configure:15294: checking for strtol
configure:15364: result: yes
configure:15294: checking for jrand48
configure:15364: result: yes
configure:15580: creating ./config.status

## ---------------------- ##
## Running config.status. ##
## ---------------------- ##

This file was extended by config.status, which was
generated by GNU Autoconf 2.57.  Invocation command line was

  CONFIG_FILES    = 
  CONFIG_HEADERS  = 
  CONFIG_LINKS    = 
  CONFIG_COMMANDS = 
  $ ./config.status 

on macMiniShwet.local

config.status:751: creating Makefile
config.status:751: creating include/Makefile
config.status:751: creating sasldb/Makefile
config.status:751: creating plugins/Makefile
config.status:751: creating lib/Makefile
config.status:751: creating utils/Makefile
config.status:751: creating doc/Makefile
config.status:751: creating sample/Makefile
config.status:751: creating java/Makefile
config.status:751: creating java/CyrusSasl/Makefile
config.status:751: creating java/Test/Makefile
config.status:751: creating java/javax/Makefile
config.status:751: creating java/javax/security/Makefile
config.status:751: creating java/javax/security/auth/Makefile
config.status:751: creating java/javax/security/auth/callback/Makefile
config.status:751: creating pwcheck/Makefile
config.status:751: creating man/Makefile
config.status:855: creating config.h
config.status:1138: config.h is unchanged
config.status:1260: executing depfiles commands
configure:16920: configuring in saslauthd
configure:17004: running /bin/sh './configure' --prefix=/Users/shwet/Desktop/git/Remail/remail-iphone/build-crypto-deps/binaries//Developer/Platforms/iPhoneOS.platform/Developer/SDKs/iPhoneOS5.0.sdk/Release  '--prefix=/Users/shwet/Desktop/git/Remail/remail-iphone/build-crypto-deps/binaries//Developer/Platforms/iPhoneOS.platform/Developer/SDKs/iPhoneOS5.0.sdk/Release' '--host=armv6-apple-darwin' '--disable-shared' '--enable-static' '--with-openssl=/Users/shwet/Desktop/git/Remail/remail-iphone/build-crypto-deps/binaries//Developer/Platforms/iPhoneOS.platform/Developer/SDKs/iPhoneOS5.0.sdk/Release' 'CC=/Developer/Platforms/iPhoneOS.platform/Developer/usr/bin/gcc-4.2' 'CFLAGS=-isysroot /Developer/Platforms/iPhoneOS.platform/Developer/SDKs/iPhoneOS5.0.sdk -arch armv6 -pipe -Os -gdwarf-2' 'CPP=/Developer/Platforms/iPhoneOS.platform/Developer/usr/bin/cpp-4.2' 'LDFLAGS=-isysroot /Developer/Platforms/iPhoneOS.platform/Developer/SDKs/iPhoneOS5.0.sdk -arch armv6' 'host_alias=armv6-apple-darwin' --cache-file=.././config.cache --srcdir=.

## ---------------- ##
## Cache variables. ##
## ---------------- ##

ac_cv___attribute__=no
ac_cv_build=i386-apple-darwin11.1.0
ac_cv_build_alias=i386-apple-darwin11.1.0
ac_cv_c_compiler_gnu=yes
ac_cv_c_const=yes
ac_cv_c_inline=inline
ac_cv_can_build_shared=yes
ac_cv_cmu_lib_subdir=lib
ac_cv_env_CC_set=set
ac_cv_env_CC_value=/Developer/Platforms/iPhoneOS.platform/Developer/usr/bin/gcc-4.2
ac_cv_env_CFLAGS_set=set
ac_cv_env_CFLAGS_value='-isysroot /Developer/Platforms/iPhoneOS.platform/Developer/SDKs/iPhoneOS5.0.sdk -arch armv6 -pipe -Os -gdwarf-2'
ac_cv_env_CPPFLAGS_set=
ac_cv_env_CPPFLAGS_value=
ac_cv_env_CPP_set=set
ac_cv_env_CPP_value=/Developer/Platforms/iPhoneOS.platform/Developer/usr/bin/cpp-4.2
ac_cv_env_LDFLAGS_set=set
ac_cv_env_LDFLAGS_value='-isysroot /Developer/Platforms/iPhoneOS.platform/Developer/SDKs/iPhoneOS5.0.sdk -arch armv6'
ac_cv_env_build_alias_set=
ac_cv_env_build_alias_value=
ac_cv_env_host_alias_set=set
ac_cv_env_host_alias_value=armv6-apple-darwin
ac_cv_env_target_alias_set=
ac_cv_env_target_alias_value=
ac_cv_exeext=
ac_cv_func_connect=yes
ac_cv_func_crypt=yes
ac_cv_func_dbm_open=yes
ac_cv_func_dn_expand=yes
ac_cv_func_dns_lookup=no
ac_cv_func_gai_strerror=yes
ac_cv_func_getaddrinfo=yes
ac_cv_func_getdomainname=yes
ac_cv_func_gethostname=yes
ac_cv_func_getnameinfo=yes
ac_cv_func_getpwnam=yes
ac_cv_func_getspnam=no
ac_cv_func_getsubopt=yes
ac_cv_func_gettimeofday=yes
ac_cv_func_getuserpw=no
ac_cv_func_inet_aton=yes
ac_cv_func_jrand48=yes
ac_cv_func_memcpy=yes
ac_cv_func_mkdir=yes
ac_cv_func_pam_start=no
ac_cv_func_res_search=yes
ac_cv_func_select=yes
ac_cv_func_snprintf=yes
ac_cv_func_socket=yes
ac_cv_func_strchr=yes
ac_cv_func_strdup=yes
ac_cv_func_strerror=yes
ac_cv_func_strlcat=yes
ac_cv_func_strlcpy=yes
ac_cv_func_strspn=yes
ac_cv_func_strstr=yes
ac_cv_func_strtol=yes
ac_cv_func_syslog=yes
ac_cv_func_vsnprintf=yes
ac_cv_header_crypt_h=no
ac_cv_header_db_h=yes
ac_cv_header_des_h=no
ac_cv_header_dirent_dirent_h=yes
ac_cv_header_dlfcn_h=yes
ac_cv_header_fcntl_h=yes
ac_cv_header_gssapi_h=yes
ac_cv_header_inttypes_h=yes
ac_cv_header_krb5_h=yes
ac_cv_header_limits_h=yes
ac_cv_header_malloc_h=no
ac_cv_header_memory_h=yes
ac_cv_header_ndbm_h=yes
ac_cv_header_openssl_des_h=yes
ac_cv_header_openssl_evp_h=yes
ac_cv_header_pam_pam_appl_h=no
ac_cv_header_paths_h=yes
ac_cv_header_security_pam_appl_h=yes
ac_cv_header_stdarg_h=yes
ac_cv_header_stdc=yes
ac_cv_header_stdint_h=yes
ac_cv_header_stdlib_h=yes
ac_cv_header_string_h=yes
ac_cv_header_strings_h=yes
ac_cv_header_sys_file_h=yes
ac_cv_header_sys_param_h=yes
ac_cv_header_sys_stat_h=yes
ac_cv_header_sys_time_h=yes
ac_cv_header_sys_types_h=yes
ac_cv_header_sys_uio_h=yes
ac_cv_header_sys_wait_h=yes
ac_cv_header_sysexits_h=yes
ac_cv_header_syslog_h=yes
ac_cv_header_time=yes
ac_cv_header_unistd_h=yes
ac_cv_header_varargs_h=no
ac_cv_host=armv6-apple-darwin
ac_cv_host_alias=armv6-apple-darwin
ac_cv_lib_crypto_DES_cbc_encrypt=yes
ac_cv_lib_crypto_EVP_DigestInit=yes
ac_cv_lib_crypto_des_cbc_encrypt=no
ac_cv_lib_dl_dlopen=yes
ac_cv_lib_gss_csf_gss_acq_user=no
ac_cv_lib_gss_gss_unwrap=no
ac_cv_lib_gssapi_gss_unwrap=no
ac_cv_lib_gssapi_krb5_gss_unwrap=no
ac_cv_lib_inet6_gai_strerror=no
ac_cv_lib_inet6_getaddrinfo=no
ac_cv_lib_inet6_getnameinfo=no
ac_cv_lib_krb5support_krb5int_getspecific=no
ac_cv_lib_ndbm_dbm_open=no
ac_cv_lib_opie_opiechallenge=no
ac_cv_lib_pam_pam_start=no
ac_cv_lib_resolv_inet_aton=yes
ac_cv_lib_resolv_res_search=yes
ac_cv_lib_rsaref_RSAPublicEncrypt=no
ac_cv_lib_socket_gai_strerror=no
ac_cv_lib_socket_getaddrinfo=no
ac_cv_lib_socket_getnameinfo=no
ac_cv_objext=o
ac_cv_path_LD=/Developer/Platforms/iPhoneOS.platform/Developer/usr/libexec/gcc/i686-apple-darwin10/4.2.1/ld
ac_cv_path_NM=/usr/bin/nm
ac_cv_path_install='/usr/bin/install -c'
ac_cv_prog_AWK=awk
ac_cv_prog_CC=/Developer/Platforms/iPhoneOS.platform/Developer/usr/bin/gcc-4.2
ac_cv_prog_CPP=/Developer/Platforms/iPhoneOS.platform/Developer/usr/bin/cpp-4.2
ac_cv_prog_NM=/usr/bin/nm
ac_cv_prog_ac_ct_RANLIB=ranlib
ac_cv_prog_ac_ct_STRIP=strip
ac_cv_prog_cc_g=yes
ac_cv_prog_cc_stdc=
ac_cv_prog_egrep='grep -E'
ac_cv_prog_gnu_ld=no
ac_cv_prog_make_make_set=yes
ac_cv_search_opendir='none required'
ac_cv_sizeof_long=4
ac_cv_target=armv6-apple-darwin
ac_cv_target_alias=armv6-apple-darwin
ac_cv_type_long=yes
ac_cv_type_mode_t=yes
ac_cv_type_pid_t=yes
ac_cv_type_signal=void
am_cv_CC_dependencies_compiler_type=gcc3
ipv6_cv_gai_strerror=yes
ipv6_cv_getaddrinfo=yes
ipv6_cv_getnameinfo=yes
ipv6_cv_sa_len=yes
ipv6_cv_socklen_t=yes
ipv6_cv_ss_family=yes
sasl_cv_getaddrinfo=no
sasl_cv_getnameinfo=no
sasl_cv_getsubopt=no
sasl_cv_snprintf=no
sasl_cv_uscore=yes

## ----------------- ##
## Output variables. ##
## ----------------- ##

ACLOCAL='${SHELL} /Users/shwet/Desktop/git/Remail/remail-iphone/build-crypto-deps/cyrus-sasl/iPhoneOS_iPhoneOS5.0.sdk_Release/cyrus-sasl-2.1.23/config/missing --run aclocal-1.7 -I $(top_srcdir)/cmulocal -I $(top_srcdir)/config'
AMDEPBACKSLASH='\'
AMDEP_FALSE='#'
AMDEP_TRUE=''
AMTAR='${SHELL} /Users/shwet/Desktop/git/Remail/remail-iphone/build-crypto-deps/cyrus-sasl/iPhoneOS_iPhoneOS5.0.sdk_Release/cyrus-sasl-2.1.23/config/missing --run tar'
AUTOCONF='${SHELL} /Users/shwet/Desktop/git/Remail/remail-iphone/build-crypto-deps/cyrus-sasl/iPhoneOS_iPhoneOS5.0.sdk_Release/cyrus-sasl-2.1.23/config/missing --run autoconf'
AUTOHEADER='${SHELL} /Users/shwet/Desktop/git/Remail/remail-iphone/build-crypto-deps/cyrus-sasl/iPhoneOS_iPhoneOS5.0.sdk_Release/cyrus-sasl-2.1.23/config/missing --run autoheader'
AUTOMAKE='${SHELL} /Users/shwet/Desktop/git/Remail/remail-iphone/build-crypto-deps/cyrus-sasl/iPhoneOS_iPhoneOS5.0.sdk_Release/cyrus-sasl-2.1.23/config/missing --run automake-1.7'
AWK='awk'
CC='/Developer/Platforms/iPhoneOS.platform/Developer/usr/bin/gcc-4.2'
CCDEPMODE='depmode=gcc3'
CFLAGS='-Wall -W -isysroot /Developer/Platforms/iPhoneOS.platform/Developer/SDKs/iPhoneOS5.0.sdk -arch armv6 -pipe -Os -gdwarf-2'
CMU_LIB_SUBDIR='lib'
CPP='/Developer/Platforms/iPhoneOS.platform/Developer/usr/bin/cpp-4.2'
CPPFLAGS=' -I/Users/shwet/Desktop/git/Remail/remail-iphone/build-crypto-deps/binaries//Developer/Platforms/iPhoneOS.platform/Developer/SDKs/iPhoneOS5.0.sdk/Release/include'
CYGPATH_W='echo'
DEFS='-DHAVE_CONFIG_H'
DEPDIR='.deps'
DIRS=''
DMALLOC_LIBS=''
ECHO_C='ECHO_N=''
ECHO_T=''
EGREP='grep -E'
EXEEXT=''
GETADDRINFOOBJS=''
GETNAMEINFOOBJS=''
GETSUBOPT=''
GSSAPIBASE_LIBS=''
GSSAPI_LIBS=''
INSTALL_DATA='${INSTALL} -m 644'
INSTALL_PROGRAM='${INSTALL}'
INSTALL_SCRIPT='${INSTALL}'
INSTALL_STRIP_PROGRAM='${SHELL} $(install_sh) -c -s'
IPCTYPE='unix'
JAVAC='true'
JAVADOC='true'
JAVAH='true'
JAVAROOT=''
JAVA_FALSE=''
JAVA_INCLUDES=''
JAVA_TRUE='#'
LDFLAGS='-L/Users/shwet/Desktop/git/Remail/remail-iphone/build-crypto-deps/binaries//Developer/Platforms/iPhoneOS.platform/Developer/SDKs/iPhoneOS5.0.sdk/Release/lib -Wl,-rpath,/Users/shwet/Desktop/git/Remail/remail-iphone/build-crypto-deps/binaries//Developer/Platforms/iPhoneOS.platform/Developer/SDKs/iPhoneOS5.0.sdk/Release/lib -isysroot /Developer/Platforms/iPhoneOS.platform/Developer/SDKs/iPhoneOS5.0.sdk -arch armv6'
LIBOBJS=''
LIBS='-lresolv -lresolv  '
LIBTOOL='$(SHELL) $(top_builddir)/libtool'
LIB_CRYPT=''
LIB_DES='-lcrypto'
LIB_DOOR=''
LIB_LDAP=''
LIB_MYSQL=''
LIB_PGSQL=''
LIB_SOCKET=''
LIB_SQLITE=''
LN_S='ln -s'
LTGETADDRINFOOBJS=''
LTGETNAMEINFOOBJS=''
LTLIBOBJS=''
LTSNPRINTFOBJS=''
MACOSX_FALSE='#'
MACOSX_TRUE=''
MAKEINFO='${SHELL} /Users/shwet/Desktop/git/Remail/remail-iphone/build-crypto-deps/cyrus-sasl/iPhoneOS_iPhoneOS5.0.sdk_Release/cyrus-sasl-2.1.23/config/missing --run makeinfo'
NM='/usr/bin/nm'
NO_SASL_DB_MANS_FALSE=''
NO_SASL_DB_MANS_TRUE='#'
NTLM_LIBS=''
OBJEXT='o'
OTP_LIBS='-lcrypto '
PACKAGE='cyrus-sasl'
PACKAGE_BUGREPORT=''
PACKAGE_NAME=''
PACKAGE_STRING=''
PACKAGE_TARNAME=''
PACKAGE_VERSION=''
PASSDSS_LIBS=''
PATH_SEPARATOR=':'
PLAIN_LIBS=''
PURECOV=''
PURIFY=''
PWCHECKMETH=''
PWCHECK_FALSE=''
PWCHECK_TRUE='#'
RANLIB='ranlib'
SAMPLE_FALSE=''
SAMPLE_TRUE='#'
SASLAUTHD_FALSE='#'
SASLAUTHD_TRUE=''
SASL_DB_BACKEND='db_ndbm.lo'
SASL_DB_BACKEND_STATIC='db_ndbm.o allockey.o'
SASL_DB_INC=''
SASL_DB_LIB=''
SASL_DB_MANS='saslpasswd2.8 sasldblistusers2.8'
SASL_DB_UTILS='saslpasswd2 sasldblistusers2'
SASL_DL_LIB='-ldl'
SASL_KRB_LIB=''
SASL_MECHS=' libsasldb.la libcrammd5.la libdigestmd5.la libotp.la libplain.la libanonymous.la'
SASL_STATIC_LIBS='libsasl2.a'
SASL_STATIC_OBJS=' sasldb.o db_ndbm.o allockey.o cram.o digestmd5.o otp.o plain.o anonymous.o'
SASL_STATIC_SRCS=' ../plugins/sasldb.c ../sasldb/db_ndbm.c ../sasldb/allockey.c ../plugins/cram.c ../plugins/digestmd5.c ../plugins/otp.c ../plugins/plain.c ../plugins/anonymous.c'
SASL_UTIL_HEADERS_EXTRA=''
SASL_UTIL_LIBS_EXTRA=''
SET_MAKE=''
SFIO_INC_FLAGS=''
SFIO_LIB_FLAGS=''
SHELL='/bin/sh'
SMTPTEST_PROGRAM=''
SNPRINTFOBJS=''
SRP_LIBS=''
STRIP='strip'
VERSION='2.1.23'
ac_ct_CC=''
ac_ct_RANLIB='ranlib'
ac_ct_STRIP='strip'
am__fastdepCC_FALSE='#'
am__fastdepCC_TRUE=''
am__include='include'
am__leading_dot='.'
am__quote=''
bindir='${exec_prefix}/bin'
build='i386-apple-darwin11.1.0'
build_alias=''
build_cpu='i386'
build_os='darwin11.1.0'
build_vendor='apple'
configdir='/usr/lib/sasl2:/etc/sasl2'
datadir='${prefix}/share'
exec_prefix='${prefix}'
host='armv6-apple-darwin'
host_alias='armv6-apple-darwin'
host_cpu='armv6'
host_os='darwin'
host_vendor='apple'
includedir='${prefix}/include'
infodir='${prefix}/info'
install_sh='/Users/shwet/Desktop/git/Remail/remail-iphone/build-crypto-deps/cyrus-sasl/iPhoneOS_iPhoneOS5.0.sdk_Release/cyrus-sasl-2.1.23/config/install-sh'
libdir='${exec_prefix}/lib'
libexecdir='${exec_prefix}/libexec'
localstatedir='${prefix}/var'
mandir='${prefix}/man'
oldincludedir='/usr/include'
plugindir='/usr/lib/sasl2'
prefix='/Users/shwet/Desktop/git/Remail/remail-iphone/build-crypto-deps/binaries//Developer/Platforms/iPhoneOS.platform/Developer/SDKs/iPhoneOS5.0.sdk/Release'
program_transform_name='s,x,x,'
sbindir='${exec_prefix}/sbin'
sharedstatedir='${prefix}/com'
subdirs=' saslauthd'
sysconfdir='${prefix}/etc'
target='armv6-apple-darwin'
target_alias=''
target_cpu='armv6'
target_os='darwin'
target_vendor='apple'

## ----------- ##
## confdefs.h. ##
## ----------- ##

#define CONFIGDIR "/usr/lib/sasl2:/etc/sasl2"
#define DO_SASL_CHECKAPOP
#define HAVE_AUTHDAEMON
#define HAVE_DIRENT_H 1
#define HAVE_DLFCN_H 1
#define HAVE_DN_EXPAND 1
#define HAVE_FCNTL_H 1
#define HAVE_GETADDRINFO
#define HAVE_GETDOMAINNAME 1
#define HAVE_GETHOSTNAME 1
#define HAVE_GETNAMEINFO
#define HAVE_GETPWNAM 1
#define HAVE_GETSUBOPT
#define HAVE_GETTIMEOFDAY 1
#define HAVE_GSSAPI_H
#define HAVE_INET_ATON 1
#define HAVE_INTTYPES_H 1
#define HAVE_INTTYPES_H 1
#define HAVE_JRAND48 1
#define HAVE_LIBRESOLV 1
#define HAVE_LIBRESOLV 1
#define HAVE_LIMITS_H 1
#define HAVE_MEMCPY 1
#define HAVE_MEMORY_H 1
#define HAVE_MKDIR 1
#define HAVE_OPENSSL
#define HAVE_PATHS_H 1
#define HAVE_SASLAUTHD
#define HAVE_SECURITY_PAM_APPL_H 1
#define HAVE_SELECT 1
#define HAVE_SNPRINTF
#define HAVE_SOCKADDR_SA_LEN
#define HAVE_SOCKET 1
#define HAVE_SOCKLEN_T
#define HAVE_SS_FAMILY
#define HAVE_STDARG_H 1
#define HAVE_STDINT_H 1
#define HAVE_STDLIB_H 1
#define HAVE_STRCHR 1
#define HAVE_STRDUP 1
#define HAVE_STRERROR 1
#define HAVE_STRINGS_H 1
#define HAVE_STRINGS_H 1
#define HAVE_STRING_H 1
#define HAVE_STRSPN 1
#define HAVE_STRSTR 1
#define HAVE_STRTOL 1
#define HAVE_STRUCT_SOCKADDR_STORAGE
#define HAVE_SYSEXITS_H 1
#define HAVE_SYSLOG 1
#define HAVE_SYSLOG_H 1
#define HAVE_SYS_FILE_H 1
#define HAVE_SYS_PARAM_H 1
#define HAVE_SYS_STAT_H 1
#define HAVE_SYS_TIME_H 1
#define HAVE_SYS_TYPES_H 1
#define HAVE_SYS_UIO_H 1
#define HAVE_SYS_WAIT_H 1
#define HAVE_UNISTD_H 1
#define HAVE_UNISTD_H 1
#define HAVE_VSNPRINTF
#define PACKAGE "cyrus-sasl"
#define PACKAGE_BUGREPORT ""
#define PACKAGE_NAME ""
#define PACKAGE_STRING ""
#define PACKAGE_TARNAME ""
#define PACKAGE_VERSION ""
#define PATH_AUTHDAEMON_SOCKET "/dev/null"
#define PATH_SASLAUTHD_RUNDIR "/var/state/saslauthd"
#define PLUGINDIR "/usr/lib/sasl2"
#define RETSIGTYPE void
#define SASL_DB_PATH "/etc/sasldb2"
#define SASL_DEV_RANDOM "/dev/random"
#define SASL_NDBM
#define SIZEOF_LONG 4
#define STATIC_ANONYMOUS
#define STATIC_CRAMMD5
#define STATIC_DIGESTMD5
#define STATIC_OTP
#define STATIC_PLAIN
#define STATIC_SASLDB
#define STDC_HEADERS 1
#define STDC_HEADERS 1
#define TIME_WITH_SYS_TIME 1
#define VERSION "2.1.23"
#define WITH_DES
#define WITH_RC4
#define WITH_SSL_DES

configure: exit 0
