This file contains any messages produced by compilers while
running configure, to aid debugging if configure makes a mistake.

It was created by configure, which was
generated by GNU Autoconf 2.57.  Invocation command line was

  $ ./configure --prefix=/Users/shwet/Desktop/git/Remail/remail-iphone/build-crypto-deps/binaries//Developer/Platforms/iPhoneOS.platform/Developer/SDKs/iPhoneOS5.0.sdk/Release --prefix=/Users/shwet/Desktop/git/Remail/remail-iphone/build-crypto-deps/binaries//Developer/Platforms/iPhoneOS.platform/Developer/SDKs/iPhoneOS5.0.sdk/Release --host=armv6-apple-darwin --disable-shared --enable-static --with-openssl=/Users/shwet/Desktop/git/Remail/remail-iphone/build-crypto-deps/binaries//Developer/Platforms/iPhoneOS.platform/Developer/SDKs/iPhoneOS5.0.sdk/Release CC=/Developer/Platforms/iPhoneOS.platform/Developer/usr/bin/gcc-4.2 CFLAGS=-isysroot /Developer/Platforms/iPhoneOS.platform/Developer/SDKs/iPhoneOS5.0.sdk -arch armv6 -pipe -Os -gdwarf-2 CPP=/Developer/Platforms/iPhoneOS.platform/Developer/usr/bin/cpp-4.2 LDFLAGS=-isysroot /Developer/Platforms/iPhoneOS.platform/Developer/SDKs/iPhoneOS5.0.sdk -arch armv6 host_alias=armv6-apple-darwin --cache-file=.././config.cache --srcdir=.

## --------- ##
## Platform. ##
## --------- ##

hostname = macMiniShwet.local
uname -m = x86_64
uname -r = 11.1.0
uname -s = Darwin
uname -v = Darwin Kernel Version 11.1.0: Tue Jul 26 16:07:11 PDT 2011; root:xnu-1699.22.81~1/RELEASE_X86_64

/usr/bin/uname -p = i386
/bin/uname -X     = unknown

/bin/arch              = unknown
/usr/bin/arch -k       = unknown
/usr/convex/getsysinfo = unknown
hostinfo               = Mach kernel version:
	 Darwin Kernel Version 11.1.0: Tue Jul 26 16:07:11 PDT 2011; root:xnu-1699.22.81~1/RELEASE_X86_64
Kernel configured for up to 2 processors.
2 processors are physically available.
2 processors are logically available.
Processor type: i486 (Intel 80486)
Processors active: 0 1
Primary memory available: 5.00 gigabytes
Default processor set: 103 tasks, 508 threads, 2 processors
Load average: 2.05, Mach factor: 0.22
/bin/machine           = unknown
/usr/bin/oslevel       = unknown
/bin/universe          = unknown

PATH: /usr/bin
PATH: /bin
PATH: /usr/sbin
PATH: /sbin
PATH: /usr/local/bin
PATH: /usr/X11/bin
PATH: /Developer/usr/bin


## ----------- ##
## Core tests. ##
## ----------- ##

configure:1204: loading cache .././config.cache
configure:1325: checking build system type
configure:1343: result: i386-apple-darwin11.1.0
configure:1351: checking host system type
configure:1365: result: armv6-apple-darwin
configure:1419: checking for a BSD-compatible install
configure:1473: result: /usr/bin/install -c
configure:1484: checking whether build environment is sane
configure:1527: result: yes
configure:1560: checking for gawk
configure:1586: result: awk
configure:1596: checking whether make sets $(MAKE)
configure:1616: result: yes
configure:1695: checking for armv6-apple-darwin-strip
configure:1724: result: no
configure:1733: checking for strip
configure:1760: result: strip
configure:1793: checking for armv6-apple-darwin-gcc
configure:1819: result: /Developer/Platforms/iPhoneOS.platform/Developer/usr/bin/gcc-4.2
configure:2101: checking for C compiler version
configure:2104: /Developer/Platforms/iPhoneOS.platform/Developer/usr/bin/gcc-4.2 --version </dev/null >&5
i686-apple-darwin10-gcc-4.2.1 (GCC) 4.2.1 (Apple Inc. build 5666) (dot 3)
Copyright (C) 2007 Free Software Foundation, Inc.
This is free software; see the source for copying conditions.  There is NO
warranty; not even for MERCHANTABILITY or FITNESS FOR A PARTICULAR PURPOSE.

configure:2107: $? = 0
configure:2109: /Developer/Platforms/iPhoneOS.platform/Developer/usr/bin/gcc-4.2 -v </dev/null >&5
Using built-in specs.
Target: i686-apple-darwin10
Configured with: /var/tmp/gcc/gcc-5666.3~87/src/configure --disable-bootstrap --disable-checking --enable-werror --prefix=/usr --mandir=/usr/share/man --enable-languages=c,objc,c++,obj-c++ --program-transform-name=/^[cg][^.-]*$/s/$/-4.2/ --with-slibdir=/usr/lib --build=i686-apple-darwin10 --with-gxx-include-dir=/usr/include/c++/4.2.1 --host=i686-apple-darwin10 --target=i686-apple-darwin10
Thread model: posix
gcc version 4.2.1 (Apple Inc. build 5666) (dot 3)
configure:2112: $? = 0
configure:2114: /Developer/Platforms/iPhoneOS.platform/Developer/usr/bin/gcc-4.2 -V </dev/null >&5
gcc-4.2: argument to `-V' is missing
configure:2117: $? = 1
configure:2141: checking for C compiler default output
configure:2144: /Developer/Platforms/iPhoneOS.platform/Developer/usr/bin/gcc-4.2 -isysroot /Developer/Platforms/iPhoneOS.platform/Developer/SDKs/iPhoneOS5.0.sdk -arch armv6 -pipe -Os -gdwarf-2  -isysroot /Developer/Platforms/iPhoneOS.platform/Developer/SDKs/iPhoneOS5.0.sdk -arch armv6 conftest.c  >&5
configure:2147: $? = 0
configure:2193: result: a.out
configure:2198: checking whether the C compiler works
configure:2204: ./a.out
./configure: line 2205: ./a.out: Bad CPU type in executable
configure:2207: $? = 126
configure:2224: result: yes
configure:2231: checking whether we are cross compiling
configure:2233: result: yes
configure:2236: checking for suffix of executables
configure:2238: /Developer/Platforms/iPhoneOS.platform/Developer/usr/bin/gcc-4.2 -o conftest -isysroot /Developer/Platforms/iPhoneOS.platform/Developer/SDKs/iPhoneOS5.0.sdk -arch armv6 -pipe -Os -gdwarf-2  -isysroot /Developer/Platforms/iPhoneOS.platform/Developer/SDKs/iPhoneOS5.0.sdk -arch armv6 conftest.c  >&5
configure:2241: $? = 0
configure:2266: result: 
configure:2272: checking for suffix of object files
configure:2319: result: o
configure:2323: checking whether we are using the GNU C compiler
configure:2370: result: yes
configure:2376: checking whether /Developer/Platforms/iPhoneOS.platform/Developer/usr/bin/gcc-4.2 accepts -g
configure:2418: result: yes
configure:2435: checking for /Developer/Platforms/iPhoneOS.platform/Developer/usr/bin/gcc-4.2 option to accept ANSI C
configure:2523: result: none needed
configure:2541: /Developer/Platforms/iPhoneOS.platform/Developer/usr/bin/gcc-4.2 -c -isysroot /Developer/Platforms/iPhoneOS.platform/Developer/SDKs/iPhoneOS5.0.sdk -arch armv6 -pipe -Os -gdwarf-2  conftest.c >&5
conftest.c:2: error: expected '=', ',', ';', 'asm' or '__attribute__' before 'me'
configure:2544: $? = 1
configure: failed program was:
| #ifndef __cplusplus
|   choke me
| #endif
configure:2664: checking for style of include used by make
configure:2692: result: GNU
configure:2720: checking dependency style of /Developer/Platforms/iPhoneOS.platform/Developer/usr/bin/gcc-4.2
configure:2803: result: gcc3
configure:2825: checking how to run the C preprocessor
configure:2943: result: /Developer/Platforms/iPhoneOS.platform/Developer/usr/bin/cpp-4.2
configure:2968: /Developer/Platforms/iPhoneOS.platform/Developer/usr/bin/cpp-4.2  conftest.c
configure:2974: $? = 0
configure:3006: /Developer/Platforms/iPhoneOS.platform/Developer/usr/bin/cpp-4.2  conftest.c
configure:3009:28: error: ac_nonexistent.h: No such file or directory
configure:3012: $? = 1
configure: failed program was:
| #line 2997 "configure"
| /* confdefs.h.  */
| 
| #define PACKAGE_NAME ""
| #define PACKAGE_TARNAME ""
| #define PACKAGE_VERSION ""
| #define PACKAGE_STRING ""
| #define PACKAGE_BUGREPORT ""
| #define HAVE_SASLAUTHD
| #define PATH_SASLAUTHD_RUNDIR "/var/state/saslauthd"
| #define PACKAGE "saslauthd"
| #define VERSION "2.1.23"
| /* end confdefs.h.  */
| #include <ac_nonexistent.h>
configure:3058: checking for gawk
configure:3084: result: awk
configure:3094: checking whether make sets $(MAKE)
configure:3114: result: yes
configure:3123: checking whether ln -s works
configure:3127: result: yes
configure:3146: checking for a BSD-compatible install
configure:3200: result: /usr/bin/install -c
configure:3214: checking for __attribute__
configure:3275: result: no
configure:3280: checking for runpath switch
configure:3306: /Developer/Platforms/iPhoneOS.platform/Developer/usr/bin/gcc-4.2 -o conftest -isysroot /Developer/Platforms/iPhoneOS.platform/Developer/SDKs/iPhoneOS5.0.sdk -arch armv6 -pipe -Os -gdwarf-2  -R /usr/lib conftest.c  >&5
ld: in /Developer/Platforms/iPhoneOS.platform/Developer/SDKs/iPhoneOS5.0.sdk/usr/lib, can't map file, errno=22 for architecture armv6
collect2: ld returned 1 exit status
configure:3309: $? = 1
configure: failed program was:
| #line 3289 "configure"
| /* confdefs.h.  */
| 
| #define PACKAGE_NAME ""
| #define PACKAGE_TARNAME ""
| #define PACKAGE_VERSION ""
| #define PACKAGE_STRING ""
| #define PACKAGE_BUGREPORT ""
| #define HAVE_SASLAUTHD
| #define PATH_SASLAUTHD_RUNDIR "/var/state/saslauthd"
| #define PACKAGE "saslauthd"
| #define VERSION "2.1.23"
| /* end confdefs.h.  */
| 
| int
| main ()
| {
| 
|   ;
|   return 0;
| }
configure:3341: /Developer/Platforms/iPhoneOS.platform/Developer/usr/bin/gcc-4.2 -o conftest -isysroot /Developer/Platforms/iPhoneOS.platform/Developer/SDKs/iPhoneOS5.0.sdk -arch armv6 -pipe -Os -gdwarf-2  -Wl,-rpath,/usr/lib conftest.c  >&5
configure:3344: $? = 0
configure:3347: test -s conftest
configure:3350: $? = 0
configure:3366: result: -Wl,-rpath,
configure:3372: checking for connect
configure:3442: result: yes
configure:3567: checking for res_search
configure:3637: result: yes
configure:3699: checking for dn_expand
configure:3769: result: yes
configure:3699: checking for dns_lookup
configure:3769: result: no
configure:3784: checking for egrep
configure:3794: result: grep -E
configure:3799: checking for ANSI C header files
configure:3949: result: yes
configure:3973: checking for sys/types.h
configure:4010: result: yes
configure:3973: checking for sys/stat.h
configure:4010: result: yes
configure:3973: checking for stdlib.h
configure:4010: result: yes
configure:3973: checking for string.h
configure:4010: result: yes
configure:3973: checking for memory.h
configure:4010: result: yes
configure:3973: checking for strings.h
configure:4010: result: yes
configure:3973: checking for inttypes.h
configure:4010: result: yes
configure:3973: checking for stdint.h
configure:4010: result: yes
configure:3973: checking for unistd.h
configure:4010: result: yes
configure:4028: checking for long
configure:4073: result: yes
configure:4076: checking size of long
configure:4382: result: 4
configure:4389: checking what directory libraries are found in
configure:4408: result: lib
configure:4444: checking for RSAPublicEncrypt in -lrsaref
configure:4496: result: no
configure:4566: checking for openssl/evp.h
configure:4571: result: yes
configure:4696: checking for EVP_DigestInit in -lcrypto
configure:4748: result: yes
configure:4775: checking for OpenSSL
configure:4777: result: yes
configure:4798: checking for des_cbc_encrypt in -lcrypto
configure:4850: result: no
configure:5002: checking for DES_cbc_encrypt in -lcrypto
configure:5054: result: yes
configure:5059: checking for openssl/des.h
configure:5064: result: yes
configure:6262: checking KERBEROS_V4
configure:6282: result: disabled
configure:6287: checking for crypt
configure:6357: result: yes
configure:6464: WARNING: The system type is not recognized. If you believe that CyberSafe GSSAPI works on this platform, please update the configure script
configure:6492: checking for gssapi.h
configure:6497: result: yes
configure:6782: checking for res_search in -lresolv
configure:6834: result: yes
configure:6862: checking for gss_unwrap in -lgssapi
configure:6914: result: no
configure:6929: checking for krb5int_getspecific in -lkrb5support
configure:6981: result: no
configure:6989: checking for gss_unwrap in -lgssapi_krb5
configure:7041: result: no
configure:7074: checking for csf_gss_acq_user in -lgss
configure:7105: /Developer/Platforms/iPhoneOS.platform/Developer/usr/bin/gcc-4.2 -o conftest -isysroot /Developer/Platforms/iPhoneOS.platform/Developer/SDKs/iPhoneOS5.0.sdk -arch armv6 -pipe -Os -gdwarf-2  -I/Users/shwet/Desktop/git/Remail/remail-iphone/build-crypto-deps/binaries//Developer/Platforms/iPhoneOS.platform/Developer/SDKs/iPhoneOS5.0.sdk/Release/include -D -L/Users/shwet/Desktop/git/Remail/remail-iphone/build-crypto-deps/binaries//Developer/Platforms/iPhoneOS.platform/Developer/SDKs/iPhoneOS5.0.sdk/Release/lib -Wl,-rpath,/Users/shwet/Desktop/git/Remail/remail-iphone/build-crypto-deps/binaries//Developer/Platforms/iPhoneOS.platform/Developer/SDKs/iPhoneOS5.0.sdk/Release/lib -isysroot /Developer/Platforms/iPhoneOS.platform/Developer/SDKs/iPhoneOS5.0.sdk -arch armv6 conftest.c -lgss  -lgss -lcstbk5 -lresolv  >&5
<command-line>: error: macro names must be identifiers
configure:7108: $? = 1
configure: failed program was:
| #line 7081 "configure"
| /* confdefs.h.  */
| 
| #define PACKAGE_NAME ""
| #define PACKAGE_TARNAME ""
| #define PACKAGE_VERSION ""
| #define PACKAGE_STRING ""
| #define PACKAGE_BUGREPORT ""
| #define HAVE_SASLAUTHD
| #define PATH_SASLAUTHD_RUNDIR "/var/state/saslauthd"
| #define PACKAGE "saslauthd"
| #define VERSION "2.1.23"
| #define HAVE_DN_EXPAND 1
| #define STDC_HEADERS 1
| #define HAVE_SYS_TYPES_H 1
| #define HAVE_SYS_STAT_H 1
| #define HAVE_STDLIB_H 1
| #define HAVE_STRING_H 1
| #define HAVE_MEMORY_H 1
| #define HAVE_STRINGS_H 1
| #define HAVE_INTTYPES_H 1
| #define HAVE_STDINT_H 1
| #define HAVE_UNISTD_H 1
| #define SIZEOF_LONG 4
| #define HAVE_OPENSSL
| #define WITH_SSL_DES
| #define WITH_DES
| #define HAVE_GSSAPI_H
| #define HAVE_LIBRESOLV 1
| /* end confdefs.h.  */
| 
| /* Override any gcc2 internal prototype to avoid an error.  */
| #ifdef __cplusplus
| extern "C"
| #endif
| /* We use char because int might match the return type of a gcc2
|    builtin and then its argument prototype would still apply.  */
| char csf_gss_acq_user ();
| int
| main ()
| {
| csf_gss_acq_user ();
|   ;
|   return 0;
| }
configure:7126: result: no
configure:7132: checking for csf_gss_acq_user in -lgss
configure:7163: /Developer/Platforms/iPhoneOS.platform/Developer/usr/bin/gcc-4.2 -o conftest -isysroot /Developer/Platforms/iPhoneOS.platform/Developer/SDKs/iPhoneOS5.0.sdk -arch armv6 -pipe -Os -gdwarf-2  -I/Users/shwet/Desktop/git/Remail/remail-iphone/build-crypto-deps/binaries//Developer/Platforms/iPhoneOS.platform/Developer/SDKs/iPhoneOS5.0.sdk/Release/include -D -L/Users/shwet/Desktop/git/Remail/remail-iphone/build-crypto-deps/binaries//Developer/Platforms/iPhoneOS.platform/Developer/SDKs/iPhoneOS5.0.sdk/Release/lib -Wl,-rpath,/Users/shwet/Desktop/git/Remail/remail-iphone/build-crypto-deps/binaries//Developer/Platforms/iPhoneOS.platform/Developer/SDKs/iPhoneOS5.0.sdk/Release/lib -isysroot /Developer/Platforms/iPhoneOS.platform/Developer/SDKs/iPhoneOS5.0.sdk -arch armv6 conftest.c -lgss  -lgss -lresolv  >&5
<command-line>: error: macro names must be identifiers
configure:7166: $? = 1
configure: failed program was:
| #line 7139 "configure"
| /* confdefs.h.  */
| 
| #define PACKAGE_NAME ""
| #define PACKAGE_TARNAME ""
| #define PACKAGE_VERSION ""
| #define PACKAGE_STRING ""
| #define PACKAGE_BUGREPORT ""
| #define HAVE_SASLAUTHD
| #define PATH_SASLAUTHD_RUNDIR "/var/state/saslauthd"
| #define PACKAGE "saslauthd"
| #define VERSION "2.1.23"
| #define HAVE_DN_EXPAND 1
| #define STDC_HEADERS 1
| #define HAVE_SYS_TYPES_H 1
| #define HAVE_SYS_STAT_H 1
| #define HAVE_STDLIB_H 1
| #define HAVE_STRING_H 1
| #define HAVE_MEMORY_H 1
| #define HAVE_STRINGS_H 1
| #define HAVE_INTTYPES_H 1
| #define HAVE_STDINT_H 1
| #define HAVE_UNISTD_H 1
| #define SIZEOF_LONG 4
| #define HAVE_OPENSSL
| #define WITH_SSL_DES
| #define WITH_DES
| #define HAVE_GSSAPI_H
| #define HAVE_LIBRESOLV 1
| /* end confdefs.h.  */
| 
| /* Override any gcc2 internal prototype to avoid an error.  */
| #ifdef __cplusplus
| extern "C"
| #endif
| /* We use char because int might match the return type of a gcc2
|    builtin and then its argument prototype would still apply.  */
| char csf_gss_acq_user ();
| int
| main ()
| {
| csf_gss_acq_user ();
|   ;
|   return 0;
| }
configure:7184: result: no
configure:7208: checking for gss_unwrap in -lgss
configure:7260: result: no
configure:7305: WARNING: Disabling GSSAPI - no library
configure:7458: checking GSSAPI
configure:7613: result: disabled
configure:7635: checking for crypt
configure:7705: result: yes
configure:9484: checking for pam_start in -lpam
configure:9536: result: no
configure:9707: checking for PAM support
configure:9709: result: no
configure:9723: checking for inet_aton in -lresolv
configure:9775: result: yes
configure:9787: checking to include LDAP support
configure:9797: result: no
configure:9885: checking for ANSI C header files
configure:10035: result: yes
configure:10045: checking for sys/wait.h that is POSIX.1 compatible
configure:10097: result: yes
configure:10107: checking whether time.h and sys/time.h may both be included
configure:10153: result: yes
configure:10175: checking for crypt.h
configure:10180: result: no
configure:10175: checking for fcntl.h
configure:10180: result: yes
configure:10175: checking for krb5.h
configure:10180: result: yes
configure:10175: checking for strings.h
configure:10180: result: yes
configure:10175: checking for syslog.h
configure:10180: result: yes
configure:10175: checking for unistd.h
configure:10180: result: yes
configure:10175: checking for sys/time.h
configure:10180: result: yes
configure:10175: checking for sys/uio.h
configure:10180: result: yes
configure:10313: checking for an ANSI C-conforming const
configure:10401: result: yes
configure:10411: checking for pid_t
configure:10456: result: yes
configure:10472: checking whether /Developer/Platforms/iPhoneOS.platform/Developer/usr/bin/gcc-4.2 implements __func__
configure:10494: /Developer/Platforms/iPhoneOS.platform/Developer/usr/bin/gcc-4.2 -o conftest -isysroot /Developer/Platforms/iPhoneOS.platform/Developer/SDKs/iPhoneOS5.0.sdk -arch armv6 -pipe -Os -gdwarf-2  -I/Users/shwet/Desktop/git/Remail/remail-iphone/build-crypto-deps/binaries//Developer/Platforms/iPhoneOS.platform/Developer/SDKs/iPhoneOS5.0.sdk/Release/include -L/Users/shwet/Desktop/git/Remail/remail-iphone/build-crypto-deps/binaries//Developer/Platforms/iPhoneOS.platform/Developer/SDKs/iPhoneOS5.0.sdk/Release/lib -Wl,-rpath,/Users/shwet/Desktop/git/Remail/remail-iphone/build-crypto-deps/binaries//Developer/Platforms/iPhoneOS.platform/Developer/SDKs/iPhoneOS5.0.sdk/Release/lib -isysroot /Developer/Platforms/iPhoneOS.platform/Developer/SDKs/iPhoneOS5.0.sdk -arch armv6 conftest.c -lresolv -lresolv  >&5
configure:10497: $? = 0
configure:10500: test -s conftest
configure:10503: $? = 0
configure:10515: result: yes
configure:10631: checking return type of signal handlers
configure:10683: result: void
configure:10698: checking for gethostname
configure:10768: result: yes
configure:10698: checking for mkdir
configure:10768: result: yes
configure:10698: checking for socket
configure:10768: result: yes
configure:10698: checking for strdup
configure:10768: result: yes
configure:10783: checking for getspnam
configure:10853: result: no
configure:10783: checking for getuserpw
configure:10853: result: no
configure:10868: checking for strlcat
configure:10938: result: yes
configure:10868: checking for strlcpy
configure:10938: result: yes
configure:11010: checking for getaddrinfo
configure:11080: result: yes
configure:11360: checking for getnameinfo
configure:11430: result: yes
configure:11708: checking whether you have ss_family in struct sockaddr_storage
configure:11760: result: yes
configure:11763: checking whether you have sa_len in struct sockaddr
configure:11815: result: yes
configure:11818: checking for socklen_t
configure:11870: result: yes
configure:12020: creating ./config.status

## ---------------------- ##
## Running config.status. ##
## ---------------------- ##

This file was extended by config.status, which was
generated by GNU Autoconf 2.57.  Invocation command line was

  CONFIG_FILES    = 
  CONFIG_HEADERS  = 
  CONFIG_LINKS    = 
  CONFIG_COMMANDS = 
  $ ./config.status 

on macMiniShwet.local

config.status:680: creating Makefile
config.status:784: creating saslauthd.h
config.status:973: saslauthd.h is unchanged
config.status:1095: executing depfiles commands

## ---------------- ##
## Cache variables. ##
## ---------------- ##

ac_cv___attribute__=no
ac_cv_build=i386-apple-darwin11.1.0
ac_cv_build_alias=i386-apple-darwin11.1.0
ac_cv_c_compiler_gnu=yes
ac_cv_c_const=yes
ac_cv_c_inline=inline
ac_cv_can_build_shared=yes
ac_cv_cmu_lib_subdir=lib
ac_cv_env_CC_set=set
ac_cv_env_CC_value=/Developer/Platforms/iPhoneOS.platform/Developer/usr/bin/gcc-4.2
ac_cv_env_CFLAGS_set=set
ac_cv_env_CFLAGS_value='-isysroot /Developer/Platforms/iPhoneOS.platform/Developer/SDKs/iPhoneOS5.0.sdk -arch armv6 -pipe -Os -gdwarf-2'
ac_cv_env_CPPFLAGS_set=
ac_cv_env_CPPFLAGS_value=
ac_cv_env_CPP_set=set
ac_cv_env_CPP_value=/Developer/Platforms/iPhoneOS.platform/Developer/usr/bin/cpp-4.2
ac_cv_env_LDFLAGS_set=set
ac_cv_env_LDFLAGS_value='-isysroot /Developer/Platforms/iPhoneOS.platform/Developer/SDKs/iPhoneOS5.0.sdk -arch armv6'
ac_cv_env_build_alias_set=
ac_cv_env_build_alias_value=
ac_cv_env_host_alias_set=set
ac_cv_env_host_alias_value=armv6-apple-darwin
ac_cv_env_target_alias_set=
ac_cv_env_target_alias_value=
ac_cv_exeext=
ac_cv_func_connect=yes
ac_cv_func_crypt=yes
ac_cv_func_dbm_open=yes
ac_cv_func_dn_expand=yes
ac_cv_func_dns_lookup=no
ac_cv_func_gai_strerror=yes
ac_cv_func_getaddrinfo=yes
ac_cv_func_getdomainname=yes
ac_cv_func_gethostname=yes
ac_cv_func_getnameinfo=yes
ac_cv_func_getpwnam=yes
ac_cv_func_getspnam=no
ac_cv_func_getsubopt=yes
ac_cv_func_gettimeofday=yes
ac_cv_func_getuserpw=no
ac_cv_func_inet_aton=yes
ac_cv_func_jrand48=yes
ac_cv_func_memcpy=yes
ac_cv_func_mkdir=yes
ac_cv_func_pam_start=no
ac_cv_func_res_search=yes
ac_cv_func_select=yes
ac_cv_func_snprintf=yes
ac_cv_func_socket=yes
ac_cv_func_strchr=yes
ac_cv_func_strdup=yes
ac_cv_func_strerror=yes
ac_cv_func_strlcat=yes
ac_cv_func_strlcpy=yes
ac_cv_func_strspn=yes
ac_cv_func_strstr=yes
ac_cv_func_strtol=yes
ac_cv_func_syslog=yes
ac_cv_func_vsnprintf=yes
ac_cv_header_crypt_h=no
ac_cv_header_db_h=yes
ac_cv_header_des_h=no
ac_cv_header_dirent_dirent_h=yes
ac_cv_header_dlfcn_h=yes
ac_cv_header_fcntl_h=yes
ac_cv_header_gssapi_h=yes
ac_cv_header_inttypes_h=yes
ac_cv_header_krb5_h=yes
ac_cv_header_limits_h=yes
ac_cv_header_malloc_h=no
ac_cv_header_memory_h=yes
ac_cv_header_ndbm_h=yes
ac_cv_header_openssl_des_h=yes
ac_cv_header_openssl_evp_h=yes
ac_cv_header_pam_pam_appl_h=no
ac_cv_header_paths_h=yes
ac_cv_header_security_pam_appl_h=yes
ac_cv_header_stdarg_h=yes
ac_cv_header_stdc=yes
ac_cv_header_stdint_h=yes
ac_cv_header_stdlib_h=yes
ac_cv_header_string_h=yes
ac_cv_header_strings_h=yes
ac_cv_header_sys_file_h=yes
ac_cv_header_sys_param_h=yes
ac_cv_header_sys_stat_h=yes
ac_cv_header_sys_time_h=yes
ac_cv_header_sys_types_h=yes
ac_cv_header_sys_uio_h=yes
ac_cv_header_sys_wait_h=yes
ac_cv_header_sysexits_h=yes
ac_cv_header_syslog_h=yes
ac_cv_header_time=yes
ac_cv_header_unistd_h=yes
ac_cv_header_varargs_h=no
ac_cv_host=armv6-apple-darwin
ac_cv_host_alias=armv6-apple-darwin
ac_cv_lib_crypto_DES_cbc_encrypt=yes
ac_cv_lib_crypto_EVP_DigestInit=yes
ac_cv_lib_crypto_des_cbc_encrypt=no
ac_cv_lib_dl_dlopen=yes
ac_cv_lib_gss_csf_gss_acq_user=no
ac_cv_lib_gss_gss_unwrap=no
ac_cv_lib_gssapi_gss_unwrap=no
ac_cv_lib_gssapi_krb5_gss_unwrap=no
ac_cv_lib_inet6_gai_strerror=no
ac_cv_lib_inet6_getaddrinfo=no
ac_cv_lib_inet6_getnameinfo=no
ac_cv_lib_krb5support_krb5int_getspecific=no
ac_cv_lib_ndbm_dbm_open=no
ac_cv_lib_opie_opiechallenge=no
ac_cv_lib_pam_pam_start=no
ac_cv_lib_resolv_inet_aton=yes
ac_cv_lib_resolv_res_search=yes
ac_cv_lib_rsaref_RSAPublicEncrypt=no
ac_cv_lib_socket_gai_strerror=no
ac_cv_lib_socket_getaddrinfo=no
ac_cv_lib_socket_getnameinfo=no
ac_cv_objext=o
ac_cv_path_LD=/Developer/Platforms/iPhoneOS.platform/Developer/usr/libexec/gcc/i686-apple-darwin10/4.2.1/ld
ac_cv_path_NM=/usr/bin/nm
ac_cv_path_install='/usr/bin/install -c'
ac_cv_prog_AWK=awk
ac_cv_prog_CC=/Developer/Platforms/iPhoneOS.platform/Developer/usr/bin/gcc-4.2
ac_cv_prog_CPP=/Developer/Platforms/iPhoneOS.platform/Developer/usr/bin/cpp-4.2
ac_cv_prog_NM=/usr/bin/nm
ac_cv_prog_ac_ct_RANLIB=ranlib
ac_cv_prog_ac_ct_STRIP=strip
ac_cv_prog_cc_g=yes
ac_cv_prog_cc_stdc=
ac_cv_prog_egrep='grep -E'
ac_cv_prog_gnu_ld=no
ac_cv_prog_make_make_set=yes
ac_cv_search_opendir='none required'
ac_cv_sizeof_long=4
ac_cv_target=armv6-apple-darwin
ac_cv_target_alias=armv6-apple-darwin
ac_cv_type_long=yes
ac_cv_type_mode_t=yes
ac_cv_type_pid_t=yes
ac_cv_type_signal=void
am_cv_CC_dependencies_compiler_type=gcc3
ipv6_cv_gai_strerror=yes
ipv6_cv_getaddrinfo=yes
ipv6_cv_getnameinfo=yes
ipv6_cv_sa_len=yes
ipv6_cv_socklen_t=yes
ipv6_cv_ss_family=yes
sasl_cv_getaddrinfo=no
sasl_cv_getnameinfo=no
sasl_cv_getsubopt=no
sasl_cv_snprintf=no
sasl_cv_uscore=yes

## ----------------- ##
## Output variables. ##
## ----------------- ##

ACLOCAL='${SHELL} /Users/shwet/Desktop/git/Remail/remail-iphone/build-crypto-deps/cyrus-sasl/iPhoneOS_iPhoneOS5.0.sdk_Release/cyrus-sasl-2.1.23/saslauthd/config/missing --run aclocal-1.7 -I $(top_srcdir)/cmulocal'
AMDEPBACKSLASH='\'
AMDEP_FALSE='#'
AMDEP_TRUE=''
AMTAR='${SHELL} /Users/shwet/Desktop/git/Remail/remail-iphone/build-crypto-deps/cyrus-sasl/iPhoneOS_iPhoneOS5.0.sdk_Release/cyrus-sasl-2.1.23/saslauthd/config/missing --run tar'
AUTOCONF='${SHELL} /Users/shwet/Desktop/git/Remail/remail-iphone/build-crypto-deps/cyrus-sasl/iPhoneOS_iPhoneOS5.0.sdk_Release/cyrus-sasl-2.1.23/saslauthd/config/missing --run autoconf'
AUTOHEADER='${SHELL} /Users/shwet/Desktop/git/Remail/remail-iphone/build-crypto-deps/cyrus-sasl/iPhoneOS_iPhoneOS5.0.sdk_Release/cyrus-sasl-2.1.23/saslauthd/config/missing --run autoheader'
AUTOMAKE='${SHELL} /Users/shwet/Desktop/git/Remail/remail-iphone/build-crypto-deps/cyrus-sasl/iPhoneOS_iPhoneOS5.0.sdk_Release/cyrus-sasl-2.1.23/saslauthd/config/missing --run automake-1.7'
AWK='awk'
CC='/Developer/Platforms/iPhoneOS.platform/Developer/usr/bin/gcc-4.2'
CCDEPMODE='depmode=gcc3'
CFLAGS='-isysroot /Developer/Platforms/iPhoneOS.platform/Developer/SDKs/iPhoneOS5.0.sdk -arch armv6 -pipe -Os -gdwarf-2'
CMU_LIB_SUBDIR='lib'
CPP='/Developer/Platforms/iPhoneOS.platform/Developer/usr/bin/cpp-4.2'
CPPFLAGS=' -I/Users/shwet/Desktop/git/Remail/remail-iphone/build-crypto-deps/binaries//Developer/Platforms/iPhoneOS.platform/Developer/SDKs/iPhoneOS5.0.sdk/Release/include'
CYGPATH_W='echo'
DEFS='-DHAVE_CONFIG_H'
DEPDIR='.deps'
ECHO_C='ECHO_N=''
ECHO_T=''
EGREP='grep -E'
EXEEXT=''
GSSAPIBASE_LIBS=''
GSSAPI_LIBS=''
INSTALL_DATA='${INSTALL} -m 644'
INSTALL_PROGRAM='${INSTALL}'
INSTALL_SCRIPT='${INSTALL}'
INSTALL_STRIP_PROGRAM='${SHELL} $(install_sh) -c -s'
LDAP_LIBS=''
LDFLAGS='-L/Users/shwet/Desktop/git/Remail/remail-iphone/build-crypto-deps/binaries//Developer/Platforms/iPhoneOS.platform/Developer/SDKs/iPhoneOS5.0.sdk/Release/lib -Wl,-rpath,/Users/shwet/Desktop/git/Remail/remail-iphone/build-crypto-deps/binaries//Developer/Platforms/iPhoneOS.platform/Developer/SDKs/iPhoneOS5.0.sdk/Release/lib -isysroot /Developer/Platforms/iPhoneOS.platform/Developer/SDKs/iPhoneOS5.0.sdk -arch armv6'
LIBOBJS=''
LIBS='-lresolv -lresolv '
LIB_CRYPT=''
LIB_DES='-lcrypto'
LIB_PAM=''
LIB_SIA=''
LIB_SOCKET=''
LN_S='ln -s'
LTLIBOBJS=''
MAIN_COMPAT_OBJ='saslauthd-unix.o'
MAKEINFO='${SHELL} /Users/shwet/Desktop/git/Remail/remail-iphone/build-crypto-deps/cyrus-sasl/iPhoneOS_iPhoneOS5.0.sdk_Release/cyrus-sasl-2.1.23/saslauthd/config/missing --run makeinfo'
OBJEXT='o'
PACKAGE='saslauthd'
PACKAGE_BUGREPORT=''
PACKAGE_NAME=''
PACKAGE_STRING=''
PACKAGE_TARNAME=''
PACKAGE_VERSION=''
PATH_SEPARATOR=':'
SASLAUTHD_FALSE='#'
SASLAUTHD_TRUE=''
SASL_DB_BACKEND=''
SASL_DB_BACKEND_STATIC=''
SASL_DB_INC=''
SASL_DB_LIB=''
SASL_DB_MANS=''
SASL_DB_UTILS=''
SASL_KRB_LIB=''
SET_MAKE=''
SHELL='/bin/sh'
STRIP='strip'
VERSION='2.1.23'
ac_ct_CC=''
ac_ct_STRIP='strip'
am__fastdepCC_FALSE='#'
am__fastdepCC_TRUE=''
am__include='include'
am__leading_dot='.'
am__quote=''
bindir='${exec_prefix}/bin'
build='i386-apple-darwin11.1.0'
build_alias=''
build_cpu='i386'
build_os='darwin11.1.0'
build_vendor='apple'
datadir='${prefix}/share'
exec_prefix='${prefix}'
host='armv6-apple-darwin'
host_alias='armv6-apple-darwin'
host_cpu='armv6'
host_os='darwin'
host_vendor='apple'
includedir='${prefix}/include'
infodir='${prefix}/info'
install_sh='/Users/shwet/Desktop/git/Remail/remail-iphone/build-crypto-deps/cyrus-sasl/iPhoneOS_iPhoneOS5.0.sdk_Release/cyrus-sasl-2.1.23/saslauthd/config/install-sh'
libdir='${exec_prefix}/lib'
libexecdir='${exec_prefix}/libexec'
localstatedir='${prefix}/var'
mandir='${prefix}/man'
oldincludedir='/usr/include'
prefix='/Users/shwet/Desktop/git/Remail/remail-iphone/build-crypto-deps/binaries//Developer/Platforms/iPhoneOS.platform/Developer/SDKs/iPhoneOS5.0.sdk/Release'
program_transform_name='s,x,x,'
sbindir='${exec_prefix}/sbin'
sharedstatedir='${prefix}/com'
sysconfdir='${prefix}/etc'
target_alias=''

## ----------- ##
## confdefs.h. ##
## ----------- ##

#define HAVE_DN_EXPAND 1
#define HAVE_FCNTL_H 1
#define HAVE_FUNC
#define HAVE_GETADDRINFO
#define HAVE_GETHOSTNAME 1
#define HAVE_GETNAMEINFO
#define HAVE_GSSAPI_H
#define HAVE_INTTYPES_H 1
#define HAVE_KRB5_H 1
#define HAVE_LIBRESOLV 1
#define HAVE_LIBRESOLV 1
#define HAVE_MEMORY_H 1
#define HAVE_MKDIR 1
#define HAVE_OPENSSL
#define HAVE_SASLAUTHD
#define HAVE_SOCKADDR_SA_LEN
#define HAVE_SOCKET 1
#define HAVE_SOCKLEN_T
#define HAVE_SS_FAMILY
#define HAVE_STDINT_H 1
#define HAVE_STDLIB_H 1
#define HAVE_STRDUP 1
#define HAVE_STRINGS_H 1
#define HAVE_STRINGS_H 1
#define HAVE_STRING_H 1
#define HAVE_STRLCAT 1
#define HAVE_STRLCPY 1
#define HAVE_STRUCT_SOCKADDR_STORAGE
#define HAVE_SYSLOG_H 1
#define HAVE_SYS_STAT_H 1
#define HAVE_SYS_TIME_H 1
#define HAVE_SYS_TYPES_H 1
#define HAVE_SYS_UIO_H 1
#define HAVE_SYS_WAIT_H 1
#define HAVE_UNISTD_H 1
#define HAVE_UNISTD_H 1
#define PACKAGE "saslauthd"
#define PACKAGE_BUGREPORT ""
#define PACKAGE_NAME ""
#define PACKAGE_STRING ""
#define PACKAGE_TARNAME ""
#define PACKAGE_VERSION ""
#define PATH_SASLAUTHD_RUNDIR "/var/state/saslauthd"
#define RETSIGTYPE void
#define SIZEOF_LONG 4
#define STDC_HEADERS 1
#define STDC_HEADERS 1
#define TIME_WITH_SYS_TIME 1
#define VERSION "2.1.23"
#define WITH_DES
#define WITH_SSL_DES

configure: exit 0
